<?xml version="1.0" encoding="UTF-8"?>
<coverage generated="1676346579397" clover="3.2.0">
  <project timestamp="1676346579397" name="All files">
    <metrics statements="290" coveredstatements="290" conditionals="98" coveredconditionals="98" methods="24" coveredmethods="24" elements="412" coveredelements="412" complexity="0" loc="290" ncloc="290" packages="2" files="8" classes="8"/>
    <package name="src">
      <metrics statements="148" coveredstatements="148" conditionals="41" coveredconditionals="41" methods="9" coveredmethods="9"/>
      <file name="promise.js" path="/Users/chuenwei/code/build-my-own-x/build-my-own-promise/src/promise.js">
        <metrics statements="148" coveredstatements="148" conditionals="41" coveredconditionals="41" methods="9" coveredmethods="9"/>
        <line num="1" count="8" type="cond" truecount="3" falsecount="0"/>
        <line num="2" count="127" type="cond" truecount="1" falsecount="0"/>
        <line num="3" count="1" type="stmt"/>
        <line num="4" count="1" type="stmt"/>
        <line num="5" count="127" type="cond" truecount="1" falsecount="0"/>
        <line num="6" count="126" type="stmt"/>
        <line num="7" count="126" type="stmt"/>
        <line num="8" count="126" type="cond" truecount="1" falsecount="0"/>
        <line num="9" count="126" type="cond" truecount="1" falsecount="0"/>
        <line num="10" count="9" type="stmt"/>
        <line num="11" count="9" type="stmt"/>
        <line num="12" count="9" type="stmt"/>
        <line num="13" count="9" type="stmt"/>
        <line num="14" count="9" type="stmt"/>
        <line num="15" count="9" type="stmt"/>
        <line num="16" count="9" type="stmt"/>
        <line num="17" count="9" type="stmt"/>
        <line num="18" count="9" type="stmt"/>
        <line num="19" count="9" type="stmt"/>
        <line num="20" count="9" type="cond" truecount="1" falsecount="0"/>
        <line num="21" count="7" type="stmt"/>
        <line num="22" count="7" type="stmt"/>
        <line num="23" count="7" type="stmt"/>
        <line num="24" count="7" type="stmt"/>
        <line num="25" count="7" type="stmt"/>
        <line num="26" count="7" type="cond" truecount="1" falsecount="0"/>
        <line num="27" count="5" type="stmt"/>
        <line num="28" count="5" type="stmt"/>
        <line num="29" count="5" type="stmt"/>
        <line num="30" count="7" type="stmt"/>
        <line num="31" count="7" type="cond" truecount="1" falsecount="0"/>
        <line num="32" count="2" type="stmt"/>
        <line num="33" count="2" type="stmt"/>
        <line num="34" count="7" type="stmt"/>
        <line num="35" count="9" type="cond" truecount="1" falsecount="0"/>
        <line num="36" count="1" type="stmt"/>
        <line num="37" count="1" type="stmt"/>
        <line num="38" count="1" type="stmt"/>
        <line num="39" count="9" type="cond" truecount="1" falsecount="0"/>
        <line num="40" count="1" type="stmt"/>
        <line num="41" count="1" type="stmt"/>
        <line num="42" count="126" type="cond" truecount="1" falsecount="0"/>
        <line num="43" count="117" type="stmt"/>
        <line num="44" count="117" type="stmt"/>
        <line num="45" count="117" type="stmt"/>
        <line num="46" count="127" type="stmt"/>
        <line num="47" count="8" type="stmt"/>
        <line num="48" count="206" type="cond" truecount="1" falsecount="0"/>
        <line num="49" count="206" type="stmt"/>
        <line num="50" count="206" type="stmt"/>
        <line num="51" count="206" type="stmt"/>
        <line num="52" count="206" type="stmt"/>
        <line num="53" count="206" type="stmt"/>
        <line num="54" count="206" type="stmt"/>
        <line num="55" count="206" type="cond" truecount="1" falsecount="0"/>
        <line num="56" count="206" type="cond" truecount="1" falsecount="0"/>
        <line num="57" count="34" type="cond" truecount="1" falsecount="0"/>
        <line num="58" count="30" type="stmt"/>
        <line num="59" count="30" type="stmt"/>
        <line num="60" count="30" type="cond" truecount="1" falsecount="0"/>
        <line num="61" count="30" type="stmt"/>
        <line num="62" count="34" type="stmt"/>
        <line num="63" count="206" type="stmt"/>
        <line num="64" count="206" type="cond" truecount="1" falsecount="0"/>
        <line num="65" count="174" type="cond" truecount="1" falsecount="0"/>
        <line num="66" count="170" type="stmt"/>
        <line num="67" count="170" type="stmt"/>
        <line num="68" count="170" type="cond" truecount="1" falsecount="0"/>
        <line num="69" count="170" type="stmt"/>
        <line num="70" count="174" type="stmt"/>
        <line num="71" count="206" type="stmt"/>
        <line num="72" count="206" type="stmt"/>
        <line num="73" count="206" type="stmt"/>
        <line num="74" count="206" type="cond" truecount="1" falsecount="0"/>
        <line num="75" count="4" type="stmt"/>
        <line num="76" count="4" type="stmt"/>
        <line num="77" count="206" type="stmt"/>
        <line num="78" count="206" type="stmt"/>
        <line num="79" count="206" type="cond" truecount="1" falsecount="0"/>
        <line num="80" count="130" type="cond" truecount="1" falsecount="0"/>
        <line num="81" count="20" type="stmt"/>
        <line num="82" count="20" type="stmt"/>
        <line num="83" count="20" type="cond" truecount="1" falsecount="0"/>
        <line num="84" count="20" type="stmt"/>
        <line num="85" count="130" type="stmt"/>
        <line num="86" count="130" type="cond" truecount="1" falsecount="0"/>
        <line num="87" count="37" type="stmt"/>
        <line num="88" count="37" type="stmt"/>
        <line num="89" count="37" type="cond" truecount="1" falsecount="0"/>
        <line num="90" count="1" type="stmt"/>
        <line num="91" count="1" type="stmt"/>
        <line num="92" count="37" type="stmt"/>
        <line num="93" count="130" type="stmt"/>
        <line num="94" count="130" type="cond" truecount="1" falsecount="0"/>
        <line num="95" count="130" type="cond" truecount="1" falsecount="0"/>
        <line num="96" count="34" type="cond" truecount="1" falsecount="0"/>
        <line num="97" count="34" type="stmt"/>
        <line num="98" count="34" type="stmt"/>
        <line num="99" count="34" type="stmt"/>
        <line num="100" count="34" type="stmt"/>
        <line num="101" count="34" type="stmt"/>
        <line num="102" count="34" type="cond" truecount="1" falsecount="0"/>
        <line num="103" count="2" type="stmt"/>
        <line num="104" count="2" type="stmt"/>
        <line num="105" count="34" type="stmt"/>
        <line num="106" count="34" type="stmt"/>
        <line num="107" count="130" type="stmt"/>
        <line num="108" count="130" type="cond" truecount="1" falsecount="0"/>
        <line num="109" count="10" type="cond" truecount="1" falsecount="0"/>
        <line num="110" count="10" type="stmt"/>
        <line num="111" count="10" type="stmt"/>
        <line num="112" count="10" type="stmt"/>
        <line num="113" count="10" type="cond" truecount="1" falsecount="0"/>
        <line num="114" count="1" type="stmt"/>
        <line num="115" count="1" type="stmt"/>
        <line num="116" count="10" type="stmt"/>
        <line num="117" count="10" type="stmt"/>
        <line num="118" count="130" type="stmt"/>
        <line num="119" count="130" type="cond" truecount="1" falsecount="0"/>
        <line num="120" count="86" type="cond" truecount="1" falsecount="0"/>
        <line num="121" count="64" type="cond" truecount="1" falsecount="0"/>
        <line num="122" count="64" type="stmt"/>
        <line num="123" count="64" type="stmt"/>
        <line num="124" count="64" type="stmt"/>
        <line num="125" count="64" type="cond" truecount="1" falsecount="0"/>
        <line num="126" count="1" type="stmt"/>
        <line num="127" count="1" type="stmt"/>
        <line num="128" count="64" type="stmt"/>
        <line num="129" count="86" type="stmt"/>
        <line num="130" count="86" type="stmt"/>
        <line num="131" count="86" type="cond" truecount="1" falsecount="0"/>
        <line num="132" count="20" type="cond" truecount="1" falsecount="0"/>
        <line num="133" count="20" type="stmt"/>
        <line num="134" count="20" type="stmt"/>
        <line num="135" count="20" type="stmt"/>
        <line num="136" count="20" type="cond" truecount="1" falsecount="0"/>
        <line num="137" count="1" type="stmt"/>
        <line num="138" count="1" type="stmt"/>
        <line num="139" count="20" type="stmt"/>
        <line num="140" count="86" type="stmt"/>
        <line num="141" count="86" type="stmt"/>
        <line num="142" count="130" type="stmt"/>
        <line num="143" count="130" type="stmt"/>
        <line num="144" count="130" type="stmt"/>
        <line num="145" count="130" type="stmt"/>
        <line num="146" count="206" type="stmt"/>
        <line num="147" count="8" type="stmt"/>
        <line num="148" count="8" type="stmt"/>
      </file>
    </package>
    <package name="src.methods">
      <metrics statements="142" coveredstatements="142" conditionals="57" coveredconditionals="57" methods="15" coveredmethods="15"/>
      <file name="all.js" path="/Users/chuenwei/code/build-my-own-x/build-my-own-promise/src/methods/all.js">
        <metrics statements="25" coveredstatements="25" conditionals="11" coveredconditionals="11" methods="2" coveredmethods="2"/>
        <line num="1" count="1" type="cond" truecount="2" falsecount="0"/>
        <line num="2" count="1" type="stmt"/>
        <line num="3" count="1" type="cond" truecount="1" falsecount="0"/>
        <line num="4" count="5" type="cond" truecount="1" falsecount="0"/>
        <line num="5" count="5" type="stmt"/>
        <line num="6" count="5" type="cond" truecount="1" falsecount="0"/>
        <line num="7" count="5" type="stmt"/>
        <line num="8" count="5" type="stmt"/>
        <line num="9" count="5" type="cond" truecount="1" falsecount="0"/>
        <line num="10" count="9" type="stmt"/>
        <line num="11" count="9" type="cond" truecount="1" falsecount="0"/>
        <line num="12" count="7" type="stmt"/>
        <line num="13" count="7" type="cond" truecount="1" falsecount="0"/>
        <line num="14" count="2" type="stmt"/>
        <line num="15" count="2" type="cond" truecount="2" falsecount="0"/>
        <line num="16" count="2" type="stmt"/>
        <line num="17" count="2" type="stmt"/>
        <line num="18" count="9" type="stmt"/>
        <line num="19" count="9" type="cond" truecount="1" falsecount="0"/>
        <line num="20" count="9" type="stmt"/>
        <line num="21" count="9" type="stmt"/>
        <line num="22" count="5" type="stmt"/>
        <line num="23" count="5" type="stmt"/>
        <line num="24" count="1" type="stmt"/>
        <line num="25" count="1" type="stmt"/>
      </file>
      <file name="allSettled.js" path="/Users/chuenwei/code/build-my-own-x/build-my-own-promise/src/methods/allSettled.js">
        <metrics statements="33" coveredstatements="33" conditionals="14" coveredconditionals="14" methods="3" coveredmethods="3"/>
        <line num="1" count="1" type="cond" truecount="2" falsecount="0"/>
        <line num="2" count="1" type="stmt"/>
        <line num="3" count="1" type="cond" truecount="1" falsecount="0"/>
        <line num="4" count="4" type="cond" truecount="1" falsecount="0"/>
        <line num="5" count="4" type="stmt"/>
        <line num="6" count="4" type="cond" truecount="1" falsecount="0"/>
        <line num="7" count="4" type="stmt"/>
        <line num="8" count="4" type="stmt"/>
        <line num="9" count="4" type="cond" truecount="1" falsecount="0"/>
        <line num="10" count="6" type="stmt"/>
        <line num="11" count="6" type="cond" truecount="1" falsecount="0"/>
        <line num="12" count="4" type="stmt"/>
        <line num="13" count="4" type="cond" truecount="1" falsecount="0"/>
        <line num="14" count="1" type="stmt"/>
        <line num="15" count="1" type="cond" truecount="2" falsecount="0"/>
        <line num="16" count="1" type="stmt"/>
        <line num="17" count="1" type="stmt"/>
        <line num="18" count="6" type="stmt"/>
        <line num="19" count="6" type="cond" truecount="1" falsecount="0"/>
        <line num="20" count="2" type="stmt"/>
        <line num="21" count="2" type="stmt"/>
        <line num="22" count="2" type="cond" truecount="1" falsecount="0"/>
        <line num="23" count="1" type="stmt"/>
        <line num="24" count="1" type="cond" truecount="2" falsecount="0"/>
        <line num="25" count="1" type="stmt"/>
        <line num="26" count="1" type="stmt"/>
        <line num="27" count="2" type="stmt"/>
        <line num="28" count="6" type="stmt"/>
        <line num="29" count="6" type="stmt"/>
        <line num="30" count="4" type="stmt"/>
        <line num="31" count="4" type="stmt"/>
        <line num="32" count="1" type="stmt"/>
        <line num="33" count="1" type="stmt"/>
      </file>
      <file name="any.js" path="/Users/chuenwei/code/build-my-own-x/build-my-own-promise/src/methods/any.js">
        <metrics statements="22" coveredstatements="22" conditionals="9" coveredconditionals="9" methods="2" coveredmethods="2"/>
        <line num="1" count="1" type="cond" truecount="2" falsecount="0"/>
        <line num="2" count="1" type="stmt"/>
        <line num="3" count="1" type="stmt"/>
        <line num="4" count="1" type="cond" truecount="1" falsecount="0"/>
        <line num="5" count="3" type="cond" truecount="1" falsecount="0"/>
        <line num="6" count="3" type="cond" truecount="1" falsecount="0"/>
        <line num="7" count="3" type="stmt"/>
        <line num="8" count="3" type="stmt"/>
        <line num="9" count="3" type="cond" truecount="1" falsecount="0"/>
        <line num="10" count="5" type="stmt"/>
        <line num="11" count="5" type="cond" truecount="1" falsecount="0"/>
        <line num="12" count="5" type="cond" truecount="1" falsecount="0"/>
        <line num="13" count="3" type="stmt"/>
        <line num="14" count="3" type="stmt"/>
        <line num="15" count="3" type="cond" truecount="1" falsecount="0"/>
        <line num="16" count="3" type="stmt"/>
        <line num="17" count="5" type="stmt"/>
        <line num="18" count="3" type="stmt"/>
        <line num="19" count="3" type="stmt"/>
        <line num="20" count="3" type="stmt"/>
        <line num="21" count="1" type="stmt"/>
        <line num="22" count="1" type="stmt"/>
      </file>
      <file name="catch.js" path="/Users/chuenwei/code/build-my-own-x/build-my-own-promise/src/methods/catch.js">
        <metrics statements="7" coveredstatements="7" conditionals="3" coveredconditionals="3" methods="2" coveredmethods="2"/>
        <line num="1" count="1" type="cond" truecount="2" falsecount="0"/>
        <line num="2" count="1" type="stmt"/>
        <line num="3" count="1" type="cond" truecount="1" falsecount="0"/>
        <line num="4" count="1" type="stmt"/>
        <line num="5" count="1" type="stmt"/>
        <line num="6" count="1" type="stmt"/>
        <line num="7" count="1" type="stmt"/>
      </file>
      <file name="finally.js" path="/Users/chuenwei/code/build-my-own-x/build-my-own-promise/src/methods/finally.js">
        <metrics statements="18" coveredstatements="18" conditionals="7" coveredconditionals="7" methods="2" coveredmethods="2"/>
        <line num="1" count="1" type="cond" truecount="2" falsecount="0"/>
        <line num="2" count="1" type="stmt"/>
        <line num="3" count="1" type="cond" truecount="1" falsecount="0"/>
        <line num="4" count="3" type="stmt"/>
        <line num="5" count="3" type="cond" truecount="1" falsecount="0"/>
        <line num="6" count="2" type="stmt"/>
        <line num="7" count="2" type="stmt"/>
        <line num="8" count="2" type="cond" truecount="1" falsecount="0"/>
        <line num="9" count="3" type="stmt"/>
        <line num="10" count="3" type="cond" truecount="1" falsecount="0"/>
        <line num="11" count="1" type="cond" truecount="1" falsecount="0"/>
        <line num="12" count="1" type="stmt"/>
        <line num="13" count="1" type="stmt"/>
        <line num="14" count="1" type="stmt"/>
        <line num="15" count="3" type="stmt"/>
        <line num="16" count="3" type="stmt"/>
        <line num="17" count="1" type="stmt"/>
        <line num="18" count="1" type="stmt"/>
      </file>
      <file name="race.js" path="/Users/chuenwei/code/build-my-own-x/build-my-own-promise/src/methods/race.js">
        <metrics statements="17" coveredstatements="17" conditionals="7" coveredconditionals="7" methods="2" coveredmethods="2"/>
        <line num="1" count="1" type="cond" truecount="2" falsecount="0"/>
        <line num="2" count="1" type="stmt"/>
        <line num="3" count="1" type="stmt"/>
        <line num="4" count="1" type="cond" truecount="1" falsecount="0"/>
        <line num="5" count="3" type="cond" truecount="1" falsecount="0"/>
        <line num="6" count="3" type="cond" truecount="1" falsecount="0"/>
        <line num="7" count="3" type="stmt"/>
        <line num="8" count="3" type="cond" truecount="1" falsecount="0"/>
        <line num="9" count="6" type="stmt"/>
        <line num="10" count="6" type="cond" truecount="1" falsecount="0"/>
        <line num="11" count="6" type="stmt"/>
        <line num="12" count="6" type="stmt"/>
        <line num="13" count="3" type="stmt"/>
        <line num="14" count="3" type="stmt"/>
        <line num="15" count="3" type="stmt"/>
        <line num="16" count="1" type="stmt"/>
        <line num="17" count="1" type="stmt"/>
      </file>
      <file name="resolve.js" path="/Users/chuenwei/code/build-my-own-x/build-my-own-promise/src/methods/resolve.js">
        <metrics statements="20" coveredstatements="20" conditionals="6" coveredconditionals="6" methods="2" coveredmethods="2"/>
        <line num="1" count="6" type="cond" truecount="2" falsecount="0"/>
        <line num="2" count="6" type="stmt"/>
        <line num="3" count="6" type="stmt"/>
        <line num="4" count="6" type="cond" truecount="1" falsecount="0"/>
        <line num="5" count="41" type="stmt"/>
        <line num="6" count="41" type="cond" truecount="1" falsecount="0"/>
        <line num="7" count="41" type="cond" truecount="2" falsecount="0"/>
        <line num="8" count="16" type="stmt"/>
        <line num="9" count="16" type="stmt"/>
        <line num="10" count="6" type="stmt"/>
        <line num="11" count="6" type="stmt"/>
        <line num="12" count="6" type="stmt"/>
        <line num="13" count="6" type="stmt"/>
        <line num="14" count="6" type="stmt"/>
        <line num="15" count="6" type="stmt"/>
        <line num="16" count="6" type="stmt"/>
        <line num="17" count="6" type="stmt"/>
        <line num="18" count="6" type="stmt"/>
        <line num="19" count="6" type="stmt"/>
        <line num="20" count="6" type="stmt"/>
      </file>
    </package>
  </project>
</coverage>
