{"/Users/chuenwei/code/build-my-own-x/build-my-own-promise/src/promise.js": {"path":"/Users/chuenwei/code/build-my-own-x/build-my-own-promise/src/promise.js","all":false,"statementMap":{"0":{"start":{"line":1,"column":0},"end":{"line":1,"column":71}},"1":{"start":{"line":2,"column":0},"end":{"line":2,"column":33}},"2":{"start":{"line":3,"column":0},"end":{"line":3,"column":73}},"3":{"start":{"line":4,"column":0},"end":{"line":4,"column":76}},"4":{"start":{"line":5,"column":0},"end":{"line":5,"column":13}},"5":{"start":{"line":6,"column":0},"end":{"line":6,"column":18}},"6":{"start":{"line":7,"column":0},"end":{"line":7,"column":27}},"7":{"start":{"line":8,"column":0},"end":{"line":8,"column":74}},"8":{"start":{"line":9,"column":0},"end":{"line":9,"column":5}},"9":{"start":{"line":10,"column":0},"end":{"line":10,"column":74}},"10":{"start":{"line":11,"column":0},"end":{"line":11,"column":9}},"11":{"start":{"line":12,"column":0},"end":{"line":12,"column":18}},"12":{"start":{"line":13,"column":0},"end":{"line":13,"column":53}},"13":{"start":{"line":14,"column":0},"end":{"line":14,"column":18}},"14":{"start":{"line":15,"column":0},"end":{"line":15,"column":37}},"15":{"start":{"line":16,"column":0},"end":{"line":16,"column":13}},"16":{"start":{"line":17,"column":0},"end":{"line":17,"column":11}},"17":{"start":{"line":18,"column":0},"end":{"line":18,"column":35}},"18":{"start":{"line":19,"column":0},"end":{"line":19,"column":33}},"19":{"start":{"line":20,"column":0},"end":{"line":20,"column":39}},"20":{"start":{"line":21,"column":0},"end":{"line":21,"column":29}},"21":{"start":{"line":22,"column":0},"end":{"line":22,"column":18}},"22":{"start":{"line":23,"column":0},"end":{"line":23,"column":20}},"23":{"start":{"line":24,"column":0},"end":{"line":24,"column":22}},"24":{"start":{"line":25,"column":0},"end":{"line":25,"column":36}},"25":{"start":{"line":26,"column":0},"end":{"line":26,"column":22}},"26":{"start":{"line":27,"column":0},"end":{"line":27,"column":42}},"27":{"start":{"line":28,"column":0},"end":{"line":28,"column":39}},"28":{"start":{"line":29,"column":0},"end":{"line":29,"column":63}},"29":{"start":{"line":30,"column":0},"end":{"line":30,"column":12}},"30":{"start":{"line":31,"column":0},"end":{"line":31,"column":23}},"31":{"start":{"line":32,"column":0},"end":{"line":32,"column":27}},"32":{"start":{"line":33,"column":0},"end":{"line":33,"column":11}},"33":{"start":{"line":34,"column":0},"end":{"line":34,"column":9}},"34":{"start":{"line":35,"column":0},"end":{"line":35,"column":14}},"35":{"start":{"line":36,"column":0},"end":{"line":36,"column":42}},"36":{"start":{"line":37,"column":0},"end":{"line":37,"column":29}},"37":{"start":{"line":38,"column":0},"end":{"line":38,"column":7}},"38":{"start":{"line":39,"column":0},"end":{"line":39,"column":21}},"39":{"start":{"line":40,"column":0},"end":{"line":40,"column":20}},"40":{"start":{"line":41,"column":0},"end":{"line":41,"column":5}},"41":{"start":{"line":42,"column":0},"end":{"line":42,"column":10}},"42":{"start":{"line":43,"column":0},"end":{"line":43,"column":64}},"43":{"start":{"line":44,"column":0},"end":{"line":44,"column":25}},"44":{"start":{"line":45,"column":0},"end":{"line":45,"column":3}},"45":{"start":{"line":46,"column":0},"end":{"line":46,"column":1}},"46":{"start":{"line":47,"column":0},"end":{"line":47,"column":0}},"47":{"start":{"line":48,"column":0},"end":{"line":48,"column":17}},"48":{"start":{"line":49,"column":0},"end":{"line":49,"column":20}},"49":{"start":{"line":50,"column":0},"end":{"line":50,"column":20}},"50":{"start":{"line":51,"column":0},"end":{"line":51,"column":21}},"51":{"start":{"line":52,"column":0},"end":{"line":52,"column":32}},"52":{"start":{"line":53,"column":0},"end":{"line":53,"column":31}},"53":{"start":{"line":54,"column":0},"end":{"line":54,"column":0}},"54":{"start":{"line":55,"column":0},"end":{"line":55,"column":25}},"55":{"start":{"line":56,"column":0},"end":{"line":56,"column":32}},"56":{"start":{"line":57,"column":0},"end":{"line":57,"column":38}},"57":{"start":{"line":58,"column":0},"end":{"line":58,"column":32}},"58":{"start":{"line":59,"column":0},"end":{"line":59,"column":29}},"59":{"start":{"line":60,"column":0},"end":{"line":60,"column":64}},"60":{"start":{"line":61,"column":0},"end":{"line":61,"column":7}},"61":{"start":{"line":62,"column":0},"end":{"line":62,"column":5}},"62":{"start":{"line":63,"column":0},"end":{"line":63,"column":0}},"63":{"start":{"line":64,"column":0},"end":{"line":64,"column":32}},"64":{"start":{"line":65,"column":0},"end":{"line":65,"column":38}},"65":{"start":{"line":66,"column":0},"end":{"line":66,"column":33}},"66":{"start":{"line":67,"column":0},"end":{"line":67,"column":27}},"67":{"start":{"line":68,"column":0},"end":{"line":68,"column":65}},"68":{"start":{"line":69,"column":0},"end":{"line":69,"column":7}},"69":{"start":{"line":70,"column":0},"end":{"line":70,"column":5}},"70":{"start":{"line":71,"column":0},"end":{"line":71,"column":0}},"71":{"start":{"line":72,"column":0},"end":{"line":72,"column":9}},"72":{"start":{"line":73,"column":0},"end":{"line":73,"column":31}},"73":{"start":{"line":74,"column":0},"end":{"line":74,"column":21}},"74":{"start":{"line":75,"column":0},"end":{"line":75,"column":19}},"75":{"start":{"line":76,"column":0},"end":{"line":76,"column":5}},"76":{"start":{"line":77,"column":0},"end":{"line":77,"column":3}},"77":{"start":{"line":78,"column":0},"end":{"line":78,"column":0}},"78":{"start":{"line":79,"column":0},"end":{"line":79,"column":33}},"79":{"start":{"line":80,"column":0},"end":{"line":80,"column":44}},"80":{"start":{"line":81,"column":0},"end":{"line":81,"column":121}},"81":{"start":{"line":82,"column":0},"end":{"line":82,"column":43}},"82":{"start":{"line":83,"column":0},"end":{"line":83,"column":36}},"83":{"start":{"line":84,"column":0},"end":{"line":84,"column":5}},"84":{"start":{"line":85,"column":0},"end":{"line":85,"column":0}},"85":{"start":{"line":86,"column":0},"end":{"line":86,"column":43}},"86":{"start":{"line":87,"column":0},"end":{"line":87,"column":119}},"87":{"start":{"line":88,"column":0},"end":{"line":88,"column":43}},"88":{"start":{"line":89,"column":0},"end":{"line":89,"column":32}},"89":{"start":{"line":90,"column":0},"end":{"line":90,"column":20}},"90":{"start":{"line":91,"column":0},"end":{"line":91,"column":7}},"91":{"start":{"line":92,"column":0},"end":{"line":92,"column":5}},"92":{"start":{"line":93,"column":0},"end":{"line":93,"column":0}},"93":{"start":{"line":94,"column":0},"end":{"line":94,"column":59}},"94":{"start":{"line":95,"column":0},"end":{"line":95,"column":40}},"95":{"start":{"line":96,"column":0},"end":{"line":96,"column":26}},"96":{"start":{"line":97,"column":0},"end":{"line":97,"column":74}},"97":{"start":{"line":98,"column":0},"end":{"line":98,"column":15}},"98":{"start":{"line":99,"column":0},"end":{"line":99,"column":74}},"99":{"start":{"line":100,"column":0},"end":{"line":100,"column":56}},"100":{"start":{"line":101,"column":0},"end":{"line":101,"column":69}},"101":{"start":{"line":102,"column":0},"end":{"line":102,"column":27}},"102":{"start":{"line":103,"column":0},"end":{"line":103,"column":26}},"103":{"start":{"line":104,"column":0},"end":{"line":104,"column":11}},"104":{"start":{"line":105,"column":0},"end":{"line":105,"column":10}},"105":{"start":{"line":106,"column":0},"end":{"line":106,"column":7}},"106":{"start":{"line":107,"column":0},"end":{"line":107,"column":0}},"107":{"start":{"line":108,"column":0},"end":{"line":108,"column":39}},"108":{"start":{"line":109,"column":0},"end":{"line":109,"column":26}},"109":{"start":{"line":110,"column":0},"end":{"line":110,"column":15}},"110":{"start":{"line":111,"column":0},"end":{"line":111,"column":56}},"111":{"start":{"line":112,"column":0},"end":{"line":112,"column":69}},"112":{"start":{"line":113,"column":0},"end":{"line":113,"column":27}},"113":{"start":{"line":114,"column":0},"end":{"line":114,"column":26}},"114":{"start":{"line":115,"column":0},"end":{"line":115,"column":11}},"115":{"start":{"line":116,"column":0},"end":{"line":116,"column":10}},"116":{"start":{"line":117,"column":0},"end":{"line":117,"column":7}},"117":{"start":{"line":118,"column":0},"end":{"line":118,"column":0}},"118":{"start":{"line":119,"column":0},"end":{"line":119,"column":38}},"119":{"start":{"line":120,"column":0},"end":{"line":120,"column":43}},"120":{"start":{"line":121,"column":0},"end":{"line":121,"column":28}},"121":{"start":{"line":122,"column":0},"end":{"line":122,"column":17}},"122":{"start":{"line":123,"column":0},"end":{"line":123,"column":58}},"123":{"start":{"line":124,"column":0},"end":{"line":124,"column":71}},"124":{"start":{"line":125,"column":0},"end":{"line":125,"column":29}},"125":{"start":{"line":126,"column":0},"end":{"line":126,"column":28}},"126":{"start":{"line":127,"column":0},"end":{"line":127,"column":13}},"127":{"start":{"line":128,"column":0},"end":{"line":128,"column":12}},"128":{"start":{"line":129,"column":0},"end":{"line":129,"column":10}},"129":{"start":{"line":130,"column":0},"end":{"line":130,"column":0}},"130":{"start":{"line":131,"column":0},"end":{"line":131,"column":42}},"131":{"start":{"line":132,"column":0},"end":{"line":132,"column":28}},"132":{"start":{"line":133,"column":0},"end":{"line":133,"column":17}},"133":{"start":{"line":134,"column":0},"end":{"line":134,"column":58}},"134":{"start":{"line":135,"column":0},"end":{"line":135,"column":71}},"135":{"start":{"line":136,"column":0},"end":{"line":136,"column":29}},"136":{"start":{"line":137,"column":0},"end":{"line":137,"column":28}},"137":{"start":{"line":138,"column":0},"end":{"line":138,"column":13}},"138":{"start":{"line":139,"column":0},"end":{"line":139,"column":12}},"139":{"start":{"line":140,"column":0},"end":{"line":140,"column":10}},"140":{"start":{"line":141,"column":0},"end":{"line":141,"column":7}},"141":{"start":{"line":142,"column":0},"end":{"line":142,"column":6}},"142":{"start":{"line":143,"column":0},"end":{"line":143,"column":0}},"143":{"start":{"line":144,"column":0},"end":{"line":144,"column":19}},"144":{"start":{"line":145,"column":0},"end":{"line":145,"column":3}},"145":{"start":{"line":146,"column":0},"end":{"line":146,"column":1}},"146":{"start":{"line":147,"column":0},"end":{"line":147,"column":0}},"147":{"start":{"line":148,"column":0},"end":{"line":148,"column":26}}},"s":{"0":8,"1":127,"2":1,"3":1,"4":127,"5":126,"6":126,"7":126,"8":126,"9":9,"10":9,"11":9,"12":9,"13":9,"14":9,"15":9,"16":9,"17":9,"18":9,"19":9,"20":7,"21":7,"22":7,"23":7,"24":7,"25":7,"26":5,"27":5,"28":5,"29":7,"30":7,"31":2,"32":2,"33":7,"34":9,"35":1,"36":1,"37":1,"38":9,"39":1,"40":1,"41":126,"42":117,"43":117,"44":117,"45":127,"46":8,"47":206,"48":206,"49":206,"50":206,"51":206,"52":206,"53":206,"54":206,"55":206,"56":34,"57":30,"58":30,"59":30,"60":30,"61":34,"62":206,"63":206,"64":174,"65":170,"66":170,"67":170,"68":170,"69":174,"70":206,"71":206,"72":206,"73":206,"74":4,"75":4,"76":206,"77":206,"78":206,"79":130,"80":20,"81":20,"82":20,"83":20,"84":130,"85":130,"86":37,"87":37,"88":37,"89":1,"90":1,"91":37,"92":130,"93":130,"94":130,"95":34,"96":34,"97":34,"98":34,"99":34,"100":34,"101":34,"102":2,"103":2,"104":34,"105":34,"106":130,"107":130,"108":10,"109":10,"110":10,"111":10,"112":10,"113":1,"114":1,"115":10,"116":10,"117":130,"118":130,"119":86,"120":64,"121":64,"122":64,"123":64,"124":64,"125":1,"126":1,"127":64,"128":86,"129":86,"130":86,"131":20,"132":20,"133":20,"134":20,"135":20,"136":1,"137":1,"138":20,"139":86,"140":86,"141":130,"142":130,"143":130,"144":130,"145":206,"146":8,"147":8},"branchMap":{"0":{"type":"branch","line":1,"loc":{"start":{"line":1,"column":0},"end":{"line":148,"column":26}},"locations":[{"start":{"line":1,"column":0},"end":{"line":148,"column":26}}]},"1":{"type":"branch","line":1,"loc":{"start":{"line":1,"column":0},"end":{"line":148,"column":26}},"locations":[{"start":{"line":1,"column":0},"end":{"line":148,"column":26}}]},"2":{"type":"branch","line":1,"loc":{"start":{"line":1,"column":24},"end":{"line":46,"column":1}},"locations":[{"start":{"line":1,"column":24},"end":{"line":46,"column":1}}]},"3":{"type":"branch","line":2,"loc":{"start":{"line":2,"column":32},"end":{"line":5,"column":3}},"locations":[{"start":{"line":2,"column":32},"end":{"line":5,"column":3}}]},"4":{"type":"branch","line":5,"loc":{"start":{"line":5,"column":3},"end":{"line":45,"column":3}},"locations":[{"start":{"line":5,"column":3},"end":{"line":45,"column":3}}]},"5":{"type":"branch","line":8,"loc":{"start":{"line":8,"column":37},"end":{"line":8,"column":73}},"locations":[{"start":{"line":8,"column":37},"end":{"line":8,"column":73}}]},"6":{"type":"branch","line":9,"loc":{"start":{"line":9,"column":4},"end":{"line":42,"column":3}},"locations":[{"start":{"line":9,"column":4},"end":{"line":42,"column":3}}]},"7":{"type":"branch","line":20,"loc":{"start":{"line":20,"column":38},"end":{"line":35,"column":7}},"locations":[{"start":{"line":20,"column":38},"end":{"line":35,"column":7}}]},"8":{"type":"branch","line":35,"loc":{"start":{"line":35,"column":7},"end":{"line":38,"column":7}},"locations":[{"start":{"line":35,"column":7},"end":{"line":38,"column":7}}]},"9":{"type":"branch","line":39,"loc":{"start":{"line":39,"column":6},"end":{"line":41,"column":5}},"locations":[{"start":{"line":39,"column":6},"end":{"line":41,"column":5}}]},"10":{"type":"branch","line":42,"loc":{"start":{"line":42,"column":3},"end":{"line":45,"column":3}},"locations":[{"start":{"line":42,"column":3},"end":{"line":45,"column":3}}]},"11":{"type":"branch","line":26,"loc":{"start":{"line":26,"column":10},"end":{"line":30,"column":11}},"locations":[{"start":{"line":26,"column":10},"end":{"line":30,"column":11}}]},"12":{"type":"branch","line":31,"loc":{"start":{"line":31,"column":10},"end":{"line":33,"column":11}},"locations":[{"start":{"line":31,"column":10},"end":{"line":33,"column":11}}]},"13":{"type":"branch","line":48,"loc":{"start":{"line":48,"column":0},"end":{"line":146,"column":1}},"locations":[{"start":{"line":48,"column":0},"end":{"line":146,"column":1}}]},"14":{"type":"branch","line":55,"loc":{"start":{"line":55,"column":2},"end":{"line":77,"column":3}},"locations":[{"start":{"line":55,"column":2},"end":{"line":77,"column":3}}]},"15":{"type":"branch","line":74,"loc":{"start":{"line":74,"column":6},"end":{"line":76,"column":5}},"locations":[{"start":{"line":74,"column":6},"end":{"line":76,"column":5}}]},"16":{"type":"branch","line":56,"loc":{"start":{"line":56,"column":19},"end":{"line":62,"column":5}},"locations":[{"start":{"line":56,"column":19},"end":{"line":62,"column":5}}]},"17":{"type":"branch","line":57,"loc":{"start":{"line":57,"column":37},"end":{"line":61,"column":7}},"locations":[{"start":{"line":57,"column":37},"end":{"line":61,"column":7}}]},"18":{"type":"branch","line":60,"loc":{"start":{"line":60,"column":39},"end":{"line":60,"column":63}},"locations":[{"start":{"line":60,"column":39},"end":{"line":60,"column":63}}]},"19":{"type":"branch","line":64,"loc":{"start":{"line":64,"column":20},"end":{"line":70,"column":5}},"locations":[{"start":{"line":64,"column":20},"end":{"line":70,"column":5}}]},"20":{"type":"branch","line":65,"loc":{"start":{"line":65,"column":37},"end":{"line":69,"column":7}},"locations":[{"start":{"line":65,"column":37},"end":{"line":69,"column":7}}]},"21":{"type":"branch","line":68,"loc":{"start":{"line":68,"column":40},"end":{"line":68,"column":64}},"locations":[{"start":{"line":68,"column":40},"end":{"line":68,"column":64}}]},"22":{"type":"branch","line":79,"loc":{"start":{"line":79,"column":2},"end":{"line":145,"column":3}},"locations":[{"start":{"line":79,"column":2},"end":{"line":145,"column":3}}]},"23":{"type":"branch","line":80,"loc":{"start":{"line":80,"column":43},"end":{"line":84,"column":5}},"locations":[{"start":{"line":80,"column":43},"end":{"line":84,"column":5}}]},"24":{"type":"branch","line":86,"loc":{"start":{"line":86,"column":42},"end":{"line":92,"column":5}},"locations":[{"start":{"line":86,"column":42},"end":{"line":92,"column":5}}]},"25":{"type":"branch","line":83,"loc":{"start":{"line":83,"column":20},"end":{"line":83,"column":36}},"locations":[{"start":{"line":83,"column":20},"end":{"line":83,"column":36}}]},"26":{"type":"branch","line":89,"loc":{"start":{"line":89,"column":19},"end":{"line":91,"column":7}},"locations":[{"start":{"line":89,"column":19},"end":{"line":91,"column":7}}]},"27":{"type":"branch","line":94,"loc":{"start":{"line":94,"column":35},"end":{"line":142,"column":5}},"locations":[{"start":{"line":94,"column":35},"end":{"line":142,"column":5}}]},"28":{"type":"branch","line":95,"loc":{"start":{"line":95,"column":39},"end":{"line":106,"column":7}},"locations":[{"start":{"line":95,"column":39},"end":{"line":106,"column":7}}]},"29":{"type":"branch","line":108,"loc":{"start":{"line":108,"column":38},"end":{"line":117,"column":7}},"locations":[{"start":{"line":108,"column":38},"end":{"line":117,"column":7}}]},"30":{"type":"branch","line":119,"loc":{"start":{"line":119,"column":37},"end":{"line":141,"column":7}},"locations":[{"start":{"line":119,"column":37},"end":{"line":141,"column":7}}]},"31":{"type":"branch","line":96,"loc":{"start":{"line":96,"column":19},"end":{"line":105,"column":9}},"locations":[{"start":{"line":96,"column":19},"end":{"line":105,"column":9}}]},"32":{"type":"branch","line":102,"loc":{"start":{"line":102,"column":12},"end":{"line":104,"column":11}},"locations":[{"start":{"line":102,"column":12},"end":{"line":104,"column":11}}]},"33":{"type":"branch","line":109,"loc":{"start":{"line":109,"column":19},"end":{"line":116,"column":9}},"locations":[{"start":{"line":109,"column":19},"end":{"line":116,"column":9}}]},"34":{"type":"branch","line":113,"loc":{"start":{"line":113,"column":12},"end":{"line":115,"column":11}},"locations":[{"start":{"line":113,"column":12},"end":{"line":115,"column":11}}]},"35":{"type":"branch","line":120,"loc":{"start":{"line":120,"column":36},"end":{"line":129,"column":9}},"locations":[{"start":{"line":120,"column":36},"end":{"line":129,"column":9}}]},"36":{"type":"branch","line":121,"loc":{"start":{"line":121,"column":21},"end":{"line":128,"column":11}},"locations":[{"start":{"line":121,"column":21},"end":{"line":128,"column":11}}]},"37":{"type":"branch","line":125,"loc":{"start":{"line":125,"column":14},"end":{"line":127,"column":13}},"locations":[{"start":{"line":125,"column":14},"end":{"line":127,"column":13}}]},"38":{"type":"branch","line":131,"loc":{"start":{"line":131,"column":35},"end":{"line":140,"column":9}},"locations":[{"start":{"line":131,"column":35},"end":{"line":140,"column":9}}]},"39":{"type":"branch","line":132,"loc":{"start":{"line":132,"column":21},"end":{"line":139,"column":11}},"locations":[{"start":{"line":132,"column":21},"end":{"line":139,"column":11}}]},"40":{"type":"branch","line":136,"loc":{"start":{"line":136,"column":14},"end":{"line":138,"column":13}},"locations":[{"start":{"line":136,"column":14},"end":{"line":138,"column":13}}]}},"b":{"0":[8],"1":[8],"2":[127],"3":[1],"4":[126],"5":[117],"6":[9],"7":[7],"8":[1],"9":[1],"10":[117],"11":[5],"12":[2],"13":[206],"14":[206],"15":[4],"16":[34],"17":[30],"18":[20],"19":[174],"20":[170],"21":[64],"22":[130],"23":[20],"24":[37],"25":[1],"26":[1],"27":[130],"28":[34],"29":[10],"30":[86],"31":[34],"32":[2],"33":[10],"34":[1],"35":[64],"36":[64],"37":[1],"38":[20],"39":[20],"40":[1]},"fnMap":{"0":{"name":"Object.<anonymous>","decl":{"start":{"line":1,"column":0},"end":{"line":148,"column":26}},"loc":{"start":{"line":1,"column":0},"end":{"line":148,"column":26}},"line":1},"1":{"name":"resolvePromise2","decl":{"start":{"line":1,"column":24},"end":{"line":46,"column":1}},"loc":{"start":{"line":1,"column":24},"end":{"line":46,"column":1}},"line":1},"2":{"name":"<instance_members_initializer>","decl":{"start":{"line":48,"column":0},"end":{"line":146,"column":1}},"loc":{"start":{"line":48,"column":0},"end":{"line":146,"column":1}},"line":48},"3":{"name":"MyPromise","decl":{"start":{"line":55,"column":2},"end":{"line":77,"column":3}},"loc":{"start":{"line":55,"column":2},"end":{"line":77,"column":3}},"line":55},"4":{"name":"reject","decl":{"start":{"line":56,"column":19},"end":{"line":62,"column":5}},"loc":{"start":{"line":56,"column":19},"end":{"line":62,"column":5}},"line":56},"5":{"name":"resolve","decl":{"start":{"line":64,"column":20},"end":{"line":70,"column":5}},"loc":{"start":{"line":64,"column":20},"end":{"line":70,"column":5}},"line":64},"6":{"name":"then","decl":{"start":{"line":79,"column":2},"end":{"line":145,"column":3}},"loc":{"start":{"line":79,"column":2},"end":{"line":145,"column":3}},"line":79},"7":{"name":"onFulFilled","decl":{"start":{"line":83,"column":20},"end":{"line":83,"column":36}},"loc":{"start":{"line":83,"column":20},"end":{"line":83,"column":36}},"line":83},"8":{"name":"onRejected","decl":{"start":{"line":89,"column":19},"end":{"line":91,"column":7}},"loc":{"start":{"line":89,"column":19},"end":{"line":91,"column":7}},"line":89}},"f":{"0":8,"1":127,"2":206,"3":206,"4":34,"5":174,"6":130,"7":1,"8":1}}
,"/Users/chuenwei/code/build-my-own-x/build-my-own-promise/src/methods/all.js": {"path":"/Users/chuenwei/code/build-my-own-x/build-my-own-promise/src/methods/all.js","all":false,"statementMap":{"0":{"start":{"line":1,"column":0},"end":{"line":1,"column":36}},"1":{"start":{"line":2,"column":0},"end":{"line":2,"column":0}},"2":{"start":{"line":3,"column":0},"end":{"line":3,"column":23}},"3":{"start":{"line":4,"column":0},"end":{"line":4,"column":43}},"4":{"start":{"line":5,"column":0},"end":{"line":5,"column":18}},"5":{"start":{"line":6,"column":0},"end":{"line":6,"column":37}},"6":{"start":{"line":7,"column":0},"end":{"line":7,"column":0}},"7":{"start":{"line":8,"column":0},"end":{"line":8,"column":17}},"8":{"start":{"line":9,"column":0},"end":{"line":9,"column":44}},"9":{"start":{"line":10,"column":0},"end":{"line":10,"column":32}},"10":{"start":{"line":11,"column":0},"end":{"line":11,"column":19}},"11":{"start":{"line":12,"column":0},"end":{"line":12,"column":31}},"12":{"start":{"line":13,"column":0},"end":{"line":13,"column":38}},"13":{"start":{"line":14,"column":0},"end":{"line":14,"column":20}},"14":{"start":{"line":15,"column":0},"end":{"line":15,"column":77}},"15":{"start":{"line":16,"column":0},"end":{"line":16,"column":13}},"16":{"start":{"line":17,"column":0},"end":{"line":17,"column":11}},"17":{"start":{"line":18,"column":0},"end":{"line":18,"column":10}},"18":{"start":{"line":19,"column":0},"end":{"line":19,"column":28}},"19":{"start":{"line":20,"column":0},"end":{"line":20,"column":7}},"20":{"start":{"line":21,"column":0},"end":{"line":21,"column":5}},"21":{"start":{"line":22,"column":0},"end":{"line":22,"column":4}},"22":{"start":{"line":23,"column":0},"end":{"line":23,"column":1}},"23":{"start":{"line":24,"column":0},"end":{"line":24,"column":0}},"24":{"start":{"line":25,"column":0},"end":{"line":25,"column":24}}},"s":{"0":1,"1":1,"2":1,"3":5,"4":5,"5":5,"6":5,"7":5,"8":5,"9":9,"10":9,"11":7,"12":7,"13":2,"14":2,"15":2,"16":2,"17":9,"18":9,"19":9,"20":9,"21":5,"22":5,"23":1,"24":1},"branchMap":{"0":{"type":"branch","line":1,"loc":{"start":{"line":1,"column":0},"end":{"line":25,"column":24}},"locations":[{"start":{"line":1,"column":0},"end":{"line":25,"column":24}}]},"1":{"type":"branch","line":1,"loc":{"start":{"line":1,"column":0},"end":{"line":25,"column":24}},"locations":[{"start":{"line":1,"column":0},"end":{"line":25,"column":24}}]},"2":{"type":"branch","line":3,"loc":{"start":{"line":3,"column":14},"end":{"line":23,"column":1}},"locations":[{"start":{"line":3,"column":14},"end":{"line":23,"column":1}}]},"3":{"type":"branch","line":4,"loc":{"start":{"line":4,"column":21},"end":{"line":22,"column":3}},"locations":[{"start":{"line":4,"column":21},"end":{"line":22,"column":3}}]},"4":{"type":"branch","line":6,"loc":{"start":{"line":6,"column":25},"end":{"line":6,"column":37}},"locations":[{"start":{"line":6,"column":25},"end":{"line":6,"column":37}}]},"5":{"type":"branch","line":9,"loc":{"start":{"line":9,"column":43},"end":{"line":21,"column":5}},"locations":[{"start":{"line":9,"column":43},"end":{"line":21,"column":5}}]},"6":{"type":"branch","line":11,"loc":{"start":{"line":11,"column":8},"end":{"line":18,"column":9}},"locations":[{"start":{"line":11,"column":8},"end":{"line":18,"column":9}}]},"7":{"type":"branch","line":13,"loc":{"start":{"line":13,"column":37},"end":{"line":17,"column":11}},"locations":[{"start":{"line":13,"column":37},"end":{"line":17,"column":11}}]},"8":{"type":"branch","line":15,"loc":{"start":{"line":15,"column":23},"end":{"line":15,"column":50}},"locations":[{"start":{"line":15,"column":23},"end":{"line":15,"column":50}}]},"9":{"type":"branch","line":15,"loc":{"start":{"line":15,"column":56},"end":{"line":15,"column":76}},"locations":[{"start":{"line":15,"column":56},"end":{"line":15,"column":76}}]},"10":{"type":"branch","line":19,"loc":{"start":{"line":19,"column":8},"end":{"line":19,"column":28}},"locations":[{"start":{"line":19,"column":8},"end":{"line":19,"column":28}}]}},"b":{"0":[1],"1":[1],"2":[5],"3":[5],"4":[2],"5":[9],"6":[7],"7":[2],"8":[6],"9":[6],"10":[2]},"fnMap":{"0":{"name":"Object.<anonymous>","decl":{"start":{"line":1,"column":0},"end":{"line":25,"column":24}},"loc":{"start":{"line":1,"column":0},"end":{"line":25,"column":24}},"line":1},"1":{"name":"Object.<anonymous>.Promise.all","decl":{"start":{"line":3,"column":14},"end":{"line":23,"column":1}},"loc":{"start":{"line":3,"column":14},"end":{"line":23,"column":1}},"line":3}},"f":{"0":1,"1":5}}
,"/Users/chuenwei/code/build-my-own-x/build-my-own-promise/src/methods/allSettled.js": {"path":"/Users/chuenwei/code/build-my-own-x/build-my-own-promise/src/methods/allSettled.js","all":false,"statementMap":{"0":{"start":{"line":1,"column":0},"end":{"line":1,"column":36}},"1":{"start":{"line":2,"column":0},"end":{"line":2,"column":0}},"2":{"start":{"line":3,"column":0},"end":{"line":3,"column":30}},"3":{"start":{"line":4,"column":0},"end":{"line":4,"column":35}},"4":{"start":{"line":5,"column":0},"end":{"line":5,"column":18}},"5":{"start":{"line":6,"column":0},"end":{"line":6,"column":37}},"6":{"start":{"line":7,"column":0},"end":{"line":7,"column":0}},"7":{"start":{"line":8,"column":0},"end":{"line":8,"column":17}},"8":{"start":{"line":9,"column":0},"end":{"line":9,"column":44}},"9":{"start":{"line":10,"column":0},"end":{"line":10,"column":32}},"10":{"start":{"line":11,"column":0},"end":{"line":11,"column":19}},"11":{"start":{"line":12,"column":0},"end":{"line":12,"column":63}},"12":{"start":{"line":13,"column":0},"end":{"line":13,"column":38}},"13":{"start":{"line":14,"column":0},"end":{"line":14,"column":20}},"14":{"start":{"line":15,"column":0},"end":{"line":15,"column":77}},"15":{"start":{"line":16,"column":0},"end":{"line":16,"column":13}},"16":{"start":{"line":17,"column":0},"end":{"line":17,"column":11}},"17":{"start":{"line":18,"column":0},"end":{"line":18,"column":10}},"18":{"start":{"line":19,"column":0},"end":{"line":19,"column":18}},"19":{"start":{"line":20,"column":0},"end":{"line":20,"column":26}},"20":{"start":{"line":21,"column":0},"end":{"line":21,"column":62}},"21":{"start":{"line":22,"column":0},"end":{"line":22,"column":38}},"22":{"start":{"line":23,"column":0},"end":{"line":23,"column":20}},"23":{"start":{"line":24,"column":0},"end":{"line":24,"column":77}},"24":{"start":{"line":25,"column":0},"end":{"line":25,"column":13}},"25":{"start":{"line":26,"column":0},"end":{"line":26,"column":11}},"26":{"start":{"line":27,"column":0},"end":{"line":27,"column":9}},"27":{"start":{"line":28,"column":0},"end":{"line":28,"column":7}},"28":{"start":{"line":29,"column":0},"end":{"line":29,"column":5}},"29":{"start":{"line":30,"column":0},"end":{"line":30,"column":4}},"30":{"start":{"line":31,"column":0},"end":{"line":31,"column":1}},"31":{"start":{"line":32,"column":0},"end":{"line":32,"column":0}},"32":{"start":{"line":33,"column":0},"end":{"line":33,"column":24}}},"s":{"0":1,"1":1,"2":1,"3":4,"4":4,"5":4,"6":4,"7":4,"8":4,"9":6,"10":6,"11":4,"12":4,"13":1,"14":1,"15":1,"16":1,"17":6,"18":6,"19":2,"20":2,"21":2,"22":1,"23":1,"24":1,"25":1,"26":2,"27":6,"28":6,"29":4,"30":4,"31":1,"32":1},"branchMap":{"0":{"type":"branch","line":1,"loc":{"start":{"line":1,"column":0},"end":{"line":33,"column":24}},"locations":[{"start":{"line":1,"column":0},"end":{"line":33,"column":24}}]},"1":{"type":"branch","line":1,"loc":{"start":{"line":1,"column":0},"end":{"line":33,"column":24}},"locations":[{"start":{"line":1,"column":0},"end":{"line":33,"column":24}}]},"2":{"type":"branch","line":3,"loc":{"start":{"line":3,"column":21},"end":{"line":31,"column":1}},"locations":[{"start":{"line":3,"column":21},"end":{"line":31,"column":1}}]},"3":{"type":"branch","line":4,"loc":{"start":{"line":4,"column":21},"end":{"line":30,"column":3}},"locations":[{"start":{"line":4,"column":21},"end":{"line":30,"column":3}}]},"4":{"type":"branch","line":6,"loc":{"start":{"line":6,"column":25},"end":{"line":6,"column":37}},"locations":[{"start":{"line":6,"column":25},"end":{"line":6,"column":37}}]},"5":{"type":"branch","line":9,"loc":{"start":{"line":9,"column":43},"end":{"line":29,"column":5}},"locations":[{"start":{"line":9,"column":43},"end":{"line":29,"column":5}}]},"6":{"type":"branch","line":11,"loc":{"start":{"line":11,"column":8},"end":{"line":18,"column":9}},"locations":[{"start":{"line":11,"column":8},"end":{"line":18,"column":9}}]},"7":{"type":"branch","line":13,"loc":{"start":{"line":13,"column":37},"end":{"line":17,"column":11}},"locations":[{"start":{"line":13,"column":37},"end":{"line":17,"column":11}}]},"8":{"type":"branch","line":15,"loc":{"start":{"line":15,"column":23},"end":{"line":15,"column":50}},"locations":[{"start":{"line":15,"column":23},"end":{"line":15,"column":50}}]},"9":{"type":"branch","line":15,"loc":{"start":{"line":15,"column":56},"end":{"line":15,"column":76}},"locations":[{"start":{"line":15,"column":56},"end":{"line":15,"column":76}}]},"10":{"type":"branch","line":19,"loc":{"start":{"line":19,"column":8},"end":{"line":27,"column":9}},"locations":[{"start":{"line":19,"column":8},"end":{"line":27,"column":9}}]},"11":{"type":"branch","line":22,"loc":{"start":{"line":22,"column":37},"end":{"line":26,"column":11}},"locations":[{"start":{"line":22,"column":37},"end":{"line":26,"column":11}}]},"12":{"type":"branch","line":24,"loc":{"start":{"line":24,"column":23},"end":{"line":24,"column":50}},"locations":[{"start":{"line":24,"column":23},"end":{"line":24,"column":50}}]},"13":{"type":"branch","line":24,"loc":{"start":{"line":24,"column":56},"end":{"line":24,"column":76}},"locations":[{"start":{"line":24,"column":56},"end":{"line":24,"column":76}}]}},"b":{"0":[1],"1":[1],"2":[4],"3":[4],"4":[2],"5":[6],"6":[4],"7":[1],"8":[2],"9":[3],"10":[2],"11":[1],"12":[4],"13":[3]},"fnMap":{"0":{"name":"Object.<anonymous>","decl":{"start":{"line":1,"column":0},"end":{"line":33,"column":24}},"loc":{"start":{"line":1,"column":0},"end":{"line":33,"column":24}},"line":1},"1":{"name":"Object.<anonymous>.Promise.allSettled","decl":{"start":{"line":3,"column":21},"end":{"line":31,"column":1}},"loc":{"start":{"line":3,"column":21},"end":{"line":31,"column":1}},"line":3},"2":{"name":"Promise.resolve.then.res.push.status","decl":{"start":{"line":11,"column":8},"end":{"line":18,"column":9}},"loc":{"start":{"line":11,"column":8},"end":{"line":18,"column":9}},"line":11}},"f":{"0":1,"1":4,"2":4}}
,"/Users/chuenwei/code/build-my-own-x/build-my-own-promise/src/methods/any.js": {"path":"/Users/chuenwei/code/build-my-own-x/build-my-own-promise/src/methods/any.js","all":false,"statementMap":{"0":{"start":{"line":1,"column":0},"end":{"line":1,"column":34}},"1":{"start":{"line":2,"column":0},"end":{"line":2,"column":36}},"2":{"start":{"line":3,"column":0},"end":{"line":3,"column":0}},"3":{"start":{"line":4,"column":0},"end":{"line":4,"column":29}},"4":{"start":{"line":5,"column":0},"end":{"line":5,"column":43}},"5":{"start":{"line":6,"column":0},"end":{"line":6,"column":78}},"6":{"start":{"line":7,"column":0},"end":{"line":7,"column":0}},"7":{"start":{"line":8,"column":0},"end":{"line":8,"column":17}},"8":{"start":{"line":9,"column":0},"end":{"line":9,"column":29}},"9":{"start":{"line":10,"column":0},"end":{"line":10,"column":30}},"10":{"start":{"line":11,"column":0},"end":{"line":11,"column":32}},"11":{"start":{"line":12,"column":0},"end":{"line":12,"column":15}},"12":{"start":{"line":13,"column":0},"end":{"line":13,"column":28}},"13":{"start":{"line":14,"column":0},"end":{"line":14,"column":42}},"14":{"start":{"line":15,"column":0},"end":{"line":15,"column":59}},"15":{"start":{"line":16,"column":0},"end":{"line":16,"column":9}},"16":{"start":{"line":17,"column":0},"end":{"line":17,"column":7}},"17":{"start":{"line":18,"column":0},"end":{"line":18,"column":6}},"18":{"start":{"line":19,"column":0},"end":{"line":19,"column":4}},"19":{"start":{"line":20,"column":0},"end":{"line":20,"column":1}},"20":{"start":{"line":21,"column":0},"end":{"line":21,"column":0}},"21":{"start":{"line":22,"column":0},"end":{"line":22,"column":24}}},"s":{"0":1,"1":1,"2":1,"3":1,"4":3,"5":3,"6":3,"7":3,"8":3,"9":5,"10":5,"11":5,"12":3,"13":3,"14":3,"15":3,"16":5,"17":3,"18":3,"19":3,"20":1,"21":1},"branchMap":{"0":{"type":"branch","line":1,"loc":{"start":{"line":1,"column":0},"end":{"line":22,"column":24}},"locations":[{"start":{"line":1,"column":0},"end":{"line":22,"column":24}}]},"1":{"type":"branch","line":1,"loc":{"start":{"line":1,"column":0},"end":{"line":22,"column":24}},"locations":[{"start":{"line":1,"column":0},"end":{"line":22,"column":24}}]},"2":{"type":"branch","line":4,"loc":{"start":{"line":4,"column":14},"end":{"line":20,"column":1}},"locations":[{"start":{"line":4,"column":14},"end":{"line":20,"column":1}}]},"3":{"type":"branch","line":5,"loc":{"start":{"line":5,"column":21},"end":{"line":19,"column":3}},"locations":[{"start":{"line":5,"column":21},"end":{"line":19,"column":3}}]},"4":{"type":"branch","line":6,"loc":{"start":{"line":6,"column":31},"end":{"line":6,"column":78}},"locations":[{"start":{"line":6,"column":31},"end":{"line":6,"column":78}}]},"5":{"type":"branch","line":9,"loc":{"start":{"line":9,"column":21},"end":{"line":18,"column":5}},"locations":[{"start":{"line":9,"column":21},"end":{"line":18,"column":5}}]},"6":{"type":"branch","line":11,"loc":{"start":{"line":11,"column":8},"end":{"line":11,"column":31}},"locations":[{"start":{"line":11,"column":8},"end":{"line":11,"column":31}}]},"7":{"type":"branch","line":12,"loc":{"start":{"line":12,"column":8},"end":{"line":16,"column":9}},"locations":[{"start":{"line":12,"column":8},"end":{"line":16,"column":9}}]},"8":{"type":"branch","line":15,"loc":{"start":{"line":15,"column":12},"end":{"line":15,"column":59}},"locations":[{"start":{"line":15,"column":12},"end":{"line":15,"column":59}}]}},"b":{"0":[1],"1":[1],"2":[3],"3":[3],"4":[1],"5":[5],"6":[2],"7":[3],"8":[1]},"fnMap":{"0":{"name":"Object.<anonymous>","decl":{"start":{"line":1,"column":0},"end":{"line":22,"column":24}},"loc":{"start":{"line":1,"column":0},"end":{"line":22,"column":24}},"line":1},"1":{"name":"Object.<anonymous>.Promise.any","decl":{"start":{"line":4,"column":14},"end":{"line":20,"column":1}},"loc":{"start":{"line":4,"column":14},"end":{"line":20,"column":1}},"line":4}},"f":{"0":1,"1":3}}
,"/Users/chuenwei/code/build-my-own-x/build-my-own-promise/src/methods/catch.js": {"path":"/Users/chuenwei/code/build-my-own-x/build-my-own-promise/src/methods/catch.js","all":false,"statementMap":{"0":{"start":{"line":1,"column":0},"end":{"line":1,"column":37}},"1":{"start":{"line":2,"column":0},"end":{"line":2,"column":0}},"2":{"start":{"line":3,"column":0},"end":{"line":3,"column":47}},"3":{"start":{"line":4,"column":0},"end":{"line":4,"column":39}},"4":{"start":{"line":5,"column":0},"end":{"line":5,"column":1}},"5":{"start":{"line":6,"column":0},"end":{"line":6,"column":0}},"6":{"start":{"line":7,"column":0},"end":{"line":7,"column":24}}},"s":{"0":1,"1":1,"2":1,"3":1,"4":1,"5":1,"6":1},"branchMap":{"0":{"type":"branch","line":1,"loc":{"start":{"line":1,"column":0},"end":{"line":7,"column":24}},"locations":[{"start":{"line":1,"column":0},"end":{"line":7,"column":24}}]},"1":{"type":"branch","line":1,"loc":{"start":{"line":1,"column":0},"end":{"line":7,"column":24}},"locations":[{"start":{"line":1,"column":0},"end":{"line":7,"column":24}}]},"2":{"type":"branch","line":3,"loc":{"start":{"line":3,"column":26},"end":{"line":5,"column":1}},"locations":[{"start":{"line":3,"column":26},"end":{"line":5,"column":1}}]}},"b":{"0":[1],"1":[1],"2":[1]},"fnMap":{"0":{"name":"Object.<anonymous>","decl":{"start":{"line":1,"column":0},"end":{"line":7,"column":24}},"loc":{"start":{"line":1,"column":0},"end":{"line":7,"column":24}},"line":1},"1":{"name":"Object.<anonymous>.Promise.catch","decl":{"start":{"line":3,"column":26},"end":{"line":5,"column":1}},"loc":{"start":{"line":3,"column":26},"end":{"line":5,"column":1}},"line":3}},"f":{"0":1,"1":1}}
,"/Users/chuenwei/code/build-my-own-x/build-my-own-promise/src/methods/finally.js": {"path":"/Users/chuenwei/code/build-my-own-x/build-my-own-promise/src/methods/finally.js","all":false,"statementMap":{"0":{"start":{"line":1,"column":0},"end":{"line":1,"column":36}},"1":{"start":{"line":2,"column":0},"end":{"line":2,"column":0}},"2":{"start":{"line":3,"column":0},"end":{"line":3,"column":56}},"3":{"start":{"line":4,"column":0},"end":{"line":4,"column":19}},"4":{"start":{"line":5,"column":0},"end":{"line":5,"column":15}},"5":{"start":{"line":6,"column":0},"end":{"line":6,"column":79}},"6":{"start":{"line":7,"column":0},"end":{"line":7,"column":55}},"7":{"start":{"line":8,"column":0},"end":{"line":8,"column":64}},"8":{"start":{"line":9,"column":0},"end":{"line":9,"column":6}},"9":{"start":{"line":10,"column":0},"end":{"line":10,"column":12}},"10":{"start":{"line":11,"column":0},"end":{"line":11,"column":60}},"11":{"start":{"line":12,"column":0},"end":{"line":12,"column":15}},"12":{"start":{"line":13,"column":0},"end":{"line":13,"column":8}},"13":{"start":{"line":14,"column":0},"end":{"line":14,"column":5}},"14":{"start":{"line":15,"column":0},"end":{"line":15,"column":3}},"15":{"start":{"line":16,"column":0},"end":{"line":16,"column":1}},"16":{"start":{"line":17,"column":0},"end":{"line":17,"column":0}},"17":{"start":{"line":18,"column":0},"end":{"line":18,"column":24}}},"s":{"0":1,"1":1,"2":1,"3":3,"4":3,"5":2,"6":2,"7":2,"8":3,"9":3,"10":1,"11":1,"12":1,"13":1,"14":3,"15":3,"16":1,"17":1},"branchMap":{"0":{"type":"branch","line":1,"loc":{"start":{"line":1,"column":0},"end":{"line":18,"column":24}},"locations":[{"start":{"line":1,"column":0},"end":{"line":18,"column":24}}]},"1":{"type":"branch","line":1,"loc":{"start":{"line":1,"column":0},"end":{"line":18,"column":24}},"locations":[{"start":{"line":1,"column":0},"end":{"line":18,"column":24}}]},"2":{"type":"branch","line":3,"loc":{"start":{"line":3,"column":28},"end":{"line":16,"column":1}},"locations":[{"start":{"line":3,"column":28},"end":{"line":16,"column":1}}]},"3":{"type":"branch","line":5,"loc":{"start":{"line":5,"column":4},"end":{"line":9,"column":5}},"locations":[{"start":{"line":5,"column":4},"end":{"line":9,"column":5}}]},"4":{"type":"branch","line":8,"loc":{"start":{"line":8,"column":53},"end":{"line":8,"column":63}},"locations":[{"start":{"line":8,"column":53},"end":{"line":8,"column":63}}]},"5":{"type":"branch","line":10,"loc":{"start":{"line":10,"column":4},"end":{"line":14,"column":5}},"locations":[{"start":{"line":10,"column":4},"end":{"line":14,"column":5}}]},"6":{"type":"branch","line":11,"loc":{"start":{"line":11,"column":53},"end":{"line":13,"column":7}},"locations":[{"start":{"line":11,"column":53},"end":{"line":13,"column":7}}]}},"b":{"0":[1],"1":[1],"2":[3],"3":[2],"4":[2],"5":[1],"6":[1]},"fnMap":{"0":{"name":"Object.<anonymous>","decl":{"start":{"line":1,"column":0},"end":{"line":18,"column":24}},"loc":{"start":{"line":1,"column":0},"end":{"line":18,"column":24}},"line":1},"1":{"name":"Object.<anonymous>.Promise.finally","decl":{"start":{"line":3,"column":28},"end":{"line":16,"column":1}},"loc":{"start":{"line":3,"column":28},"end":{"line":16,"column":1}},"line":3}},"f":{"0":1,"1":3}}
,"/Users/chuenwei/code/build-my-own-x/build-my-own-promise/src/methods/race.js": {"path":"/Users/chuenwei/code/build-my-own-x/build-my-own-promise/src/methods/race.js","all":false,"statementMap":{"0":{"start":{"line":1,"column":0},"end":{"line":1,"column":36}},"1":{"start":{"line":2,"column":0},"end":{"line":2,"column":0}},"2":{"start":{"line":3,"column":0},"end":{"line":3,"column":17}},"3":{"start":{"line":4,"column":0},"end":{"line":4,"column":24}},"4":{"start":{"line":5,"column":0},"end":{"line":5,"column":43}},"5":{"start":{"line":6,"column":0},"end":{"line":6,"column":39}},"6":{"start":{"line":7,"column":0},"end":{"line":7,"column":0}},"7":{"start":{"line":8,"column":0},"end":{"line":8,"column":21}},"8":{"start":{"line":9,"column":0},"end":{"line":9,"column":30}},"9":{"start":{"line":10,"column":0},"end":{"line":10,"column":32}},"10":{"start":{"line":11,"column":0},"end":{"line":11,"column":28}},"11":{"start":{"line":12,"column":0},"end":{"line":12,"column":7}},"12":{"start":{"line":13,"column":0},"end":{"line":13,"column":5}},"13":{"start":{"line":14,"column":0},"end":{"line":14,"column":4}},"14":{"start":{"line":15,"column":0},"end":{"line":15,"column":1}},"15":{"start":{"line":16,"column":0},"end":{"line":16,"column":0}},"16":{"start":{"line":17,"column":0},"end":{"line":17,"column":24}}},"s":{"0":1,"1":1,"2":1,"3":1,"4":3,"5":3,"6":3,"7":3,"8":6,"9":6,"10":6,"11":6,"12":3,"13":3,"14":3,"15":1,"16":1},"branchMap":{"0":{"type":"branch","line":1,"loc":{"start":{"line":1,"column":0},"end":{"line":17,"column":24}},"locations":[{"start":{"line":1,"column":0},"end":{"line":17,"column":24}}]},"1":{"type":"branch","line":1,"loc":{"start":{"line":1,"column":0},"end":{"line":17,"column":24}},"locations":[{"start":{"line":1,"column":0},"end":{"line":17,"column":24}}]},"2":{"type":"branch","line":4,"loc":{"start":{"line":4,"column":15},"end":{"line":15,"column":1}},"locations":[{"start":{"line":4,"column":15},"end":{"line":15,"column":1}}]},"3":{"type":"branch","line":5,"loc":{"start":{"line":5,"column":21},"end":{"line":14,"column":3}},"locations":[{"start":{"line":5,"column":21},"end":{"line":14,"column":3}}]},"4":{"type":"branch","line":6,"loc":{"start":{"line":6,"column":30},"end":{"line":6,"column":39}},"locations":[{"start":{"line":6,"column":30},"end":{"line":6,"column":39}}]},"5":{"type":"branch","line":8,"loc":{"start":{"line":8,"column":15},"end":{"line":12,"column":7}},"locations":[{"start":{"line":8,"column":15},"end":{"line":12,"column":7}}]},"6":{"type":"branch","line":10,"loc":{"start":{"line":10,"column":8},"end":{"line":10,"column":31}},"locations":[{"start":{"line":10,"column":8},"end":{"line":10,"column":31}}]}},"b":{"0":[1],"1":[1],"2":[3],"3":[3],"4":[1],"5":[6],"6":[3]},"fnMap":{"0":{"name":"Object.<anonymous>","decl":{"start":{"line":1,"column":0},"end":{"line":17,"column":24}},"loc":{"start":{"line":1,"column":0},"end":{"line":17,"column":24}},"line":1},"1":{"name":"Object.<anonymous>.Promise.race","decl":{"start":{"line":4,"column":15},"end":{"line":15,"column":1}},"loc":{"start":{"line":4,"column":15},"end":{"line":15,"column":1}},"line":4}},"f":{"0":1,"1":3}}
,"/Users/chuenwei/code/build-my-own-x/build-my-own-promise/src/methods/resolve.js": {"path":"/Users/chuenwei/code/build-my-own-x/build-my-own-promise/src/methods/resolve.js","all":false,"statementMap":{"0":{"start":{"line":1,"column":0},"end":{"line":1,"column":37}},"1":{"start":{"line":2,"column":0},"end":{"line":2,"column":0}},"2":{"start":{"line":3,"column":0},"end":{"line":3,"column":23}},"3":{"start":{"line":4,"column":0},"end":{"line":4,"column":24}},"4":{"start":{"line":5,"column":0},"end":{"line":5,"column":22}},"5":{"start":{"line":6,"column":0},"end":{"line":6,"column":7}},"6":{"start":{"line":7,"column":0},"end":{"line":7,"column":32}},"7":{"start":{"line":8,"column":0},"end":{"line":8,"column":18}},"8":{"start":{"line":9,"column":0},"end":{"line":9,"column":8}},"9":{"start":{"line":10,"column":0},"end":{"line":10,"column":0}},"10":{"start":{"line":11,"column":0},"end":{"line":11,"column":24}},"11":{"start":{"line":12,"column":0},"end":{"line":12,"column":0}},"12":{"start":{"line":13,"column":0},"end":{"line":13,"column":25}},"13":{"start":{"line":14,"column":0},"end":{"line":14,"column":21}},"14":{"start":{"line":15,"column":0},"end":{"line":15,"column":25}},"15":{"start":{"line":16,"column":0},"end":{"line":16,"column":24}},"16":{"start":{"line":17,"column":0},"end":{"line":17,"column":7}},"17":{"start":{"line":18,"column":0},"end":{"line":18,"column":4}},"18":{"start":{"line":19,"column":0},"end":{"line":19,"column":0}},"19":{"start":{"line":20,"column":0},"end":{"line":20,"column":41}}},"s":{"0":6,"1":6,"2":6,"3":6,"4":41,"5":41,"6":41,"7":16,"8":16,"9":6,"10":6,"11":6,"12":6,"13":6,"14":6,"15":6,"16":6,"17":6,"18":6,"19":6},"branchMap":{"0":{"type":"branch","line":1,"loc":{"start":{"line":1,"column":0},"end":{"line":20,"column":41}},"locations":[{"start":{"line":1,"column":0},"end":{"line":20,"column":41}}]},"1":{"type":"branch","line":1,"loc":{"start":{"line":1,"column":0},"end":{"line":20,"column":41}},"locations":[{"start":{"line":1,"column":0},"end":{"line":20,"column":41}}]},"2":{"type":"branch","line":4,"loc":{"start":{"line":4,"column":18},"end":{"line":9,"column":8}},"locations":[{"start":{"line":4,"column":18},"end":{"line":9,"column":8}}]},"3":{"type":"branch","line":6,"loc":{"start":{"line":6,"column":4},"end":{"line":6,"column":7}},"locations":[{"start":{"line":6,"column":4},"end":{"line":6,"column":7}}]},"4":{"type":"branch","line":7,"loc":{"start":{"line":7,"column":4},"end":{"line":9,"column":8}},"locations":[{"start":{"line":7,"column":4},"end":{"line":9,"column":8}}]},"5":{"type":"branch","line":7,"loc":{"start":{"line":7,"column":18},"end":{"line":9,"column":7}},"locations":[{"start":{"line":7,"column":18},"end":{"line":9,"column":7}}]}},"b":{"0":[6],"1":[6],"2":[41],"3":[25],"4":[16],"5":[16]},"fnMap":{"0":{"name":"Object.<anonymous>","decl":{"start":{"line":1,"column":0},"end":{"line":20,"column":41}},"loc":{"start":{"line":1,"column":0},"end":{"line":20,"column":41}},"line":1},"1":{"name":"Object.<anonymous>.Promise.resolve","decl":{"start":{"line":4,"column":18},"end":{"line":9,"column":8}},"loc":{"start":{"line":4,"column":18},"end":{"line":9,"column":8}},"line":4}},"f":{"0":6,"1":41}}
}
