{"/Users/chuenwei/code/build-my-own-x/build-my-own-promise/src/promise.js": {"path":"/Users/chuenwei/code/build-my-own-x/build-my-own-promise/src/promise.js","all":false,"statementMap":{"0":{"start":{"line":1,"column":0},"end":{"line":1,"column":71}},"1":{"start":{"line":2,"column":0},"end":{"line":2,"column":33}},"2":{"start":{"line":3,"column":0},"end":{"line":3,"column":73}},"3":{"start":{"line":4,"column":0},"end":{"line":4,"column":76}},"4":{"start":{"line":5,"column":0},"end":{"line":5,"column":13}},"5":{"start":{"line":6,"column":0},"end":{"line":6,"column":18}},"6":{"start":{"line":7,"column":0},"end":{"line":7,"column":27}},"7":{"start":{"line":8,"column":0},"end":{"line":8,"column":74}},"8":{"start":{"line":9,"column":0},"end":{"line":9,"column":5}},"9":{"start":{"line":10,"column":0},"end":{"line":10,"column":74}},"10":{"start":{"line":11,"column":0},"end":{"line":11,"column":9}},"11":{"start":{"line":12,"column":0},"end":{"line":12,"column":18}},"12":{"start":{"line":13,"column":0},"end":{"line":13,"column":53}},"13":{"start":{"line":14,"column":0},"end":{"line":14,"column":18}},"14":{"start":{"line":15,"column":0},"end":{"line":15,"column":37}},"15":{"start":{"line":16,"column":0},"end":{"line":16,"column":13}},"16":{"start":{"line":17,"column":0},"end":{"line":17,"column":11}},"17":{"start":{"line":18,"column":0},"end":{"line":18,"column":35}},"18":{"start":{"line":19,"column":0},"end":{"line":19,"column":33}},"19":{"start":{"line":20,"column":0},"end":{"line":20,"column":39}},"20":{"start":{"line":21,"column":0},"end":{"line":21,"column":29}},"21":{"start":{"line":22,"column":0},"end":{"line":22,"column":18}},"22":{"start":{"line":23,"column":0},"end":{"line":23,"column":20}},"23":{"start":{"line":24,"column":0},"end":{"line":24,"column":22}},"24":{"start":{"line":25,"column":0},"end":{"line":25,"column":36}},"25":{"start":{"line":26,"column":0},"end":{"line":26,"column":22}},"26":{"start":{"line":27,"column":0},"end":{"line":27,"column":42}},"27":{"start":{"line":28,"column":0},"end":{"line":28,"column":39}},"28":{"start":{"line":29,"column":0},"end":{"line":29,"column":63}},"29":{"start":{"line":30,"column":0},"end":{"line":30,"column":12}},"30":{"start":{"line":31,"column":0},"end":{"line":31,"column":23}},"31":{"start":{"line":32,"column":0},"end":{"line":32,"column":27}},"32":{"start":{"line":33,"column":0},"end":{"line":33,"column":11}},"33":{"start":{"line":34,"column":0},"end":{"line":34,"column":9}},"34":{"start":{"line":35,"column":0},"end":{"line":35,"column":14}},"35":{"start":{"line":36,"column":0},"end":{"line":36,"column":42}},"36":{"start":{"line":37,"column":0},"end":{"line":37,"column":29}},"37":{"start":{"line":38,"column":0},"end":{"line":38,"column":7}},"38":{"start":{"line":39,"column":0},"end":{"line":39,"column":21}},"39":{"start":{"line":40,"column":0},"end":{"line":40,"column":20}},"40":{"start":{"line":41,"column":0},"end":{"line":41,"column":5}},"41":{"start":{"line":42,"column":0},"end":{"line":42,"column":10}},"42":{"start":{"line":43,"column":0},"end":{"line":43,"column":64}},"43":{"start":{"line":44,"column":0},"end":{"line":44,"column":25}},"44":{"start":{"line":45,"column":0},"end":{"line":45,"column":3}},"45":{"start":{"line":46,"column":0},"end":{"line":46,"column":1}},"46":{"start":{"line":47,"column":0},"end":{"line":47,"column":0}},"47":{"start":{"line":48,"column":0},"end":{"line":48,"column":17}},"48":{"start":{"line":49,"column":0},"end":{"line":49,"column":20}},"49":{"start":{"line":50,"column":0},"end":{"line":50,"column":20}},"50":{"start":{"line":51,"column":0},"end":{"line":51,"column":21}},"51":{"start":{"line":52,"column":0},"end":{"line":52,"column":32}},"52":{"start":{"line":53,"column":0},"end":{"line":53,"column":31}},"53":{"start":{"line":54,"column":0},"end":{"line":54,"column":0}},"54":{"start":{"line":55,"column":0},"end":{"line":55,"column":25}},"55":{"start":{"line":56,"column":0},"end":{"line":56,"column":32}},"56":{"start":{"line":57,"column":0},"end":{"line":57,"column":38}},"57":{"start":{"line":58,"column":0},"end":{"line":58,"column":32}},"58":{"start":{"line":59,"column":0},"end":{"line":59,"column":29}},"59":{"start":{"line":60,"column":0},"end":{"line":60,"column":64}},"60":{"start":{"line":61,"column":0},"end":{"line":61,"column":7}},"61":{"start":{"line":62,"column":0},"end":{"line":62,"column":5}},"62":{"start":{"line":63,"column":0},"end":{"line":63,"column":0}},"63":{"start":{"line":64,"column":0},"end":{"line":64,"column":32}},"64":{"start":{"line":65,"column":0},"end":{"line":65,"column":38}},"65":{"start":{"line":66,"column":0},"end":{"line":66,"column":33}},"66":{"start":{"line":67,"column":0},"end":{"line":67,"column":27}},"67":{"start":{"line":68,"column":0},"end":{"line":68,"column":65}},"68":{"start":{"line":69,"column":0},"end":{"line":69,"column":7}},"69":{"start":{"line":70,"column":0},"end":{"line":70,"column":5}},"70":{"start":{"line":71,"column":0},"end":{"line":71,"column":0}},"71":{"start":{"line":72,"column":0},"end":{"line":72,"column":9}},"72":{"start":{"line":73,"column":0},"end":{"line":73,"column":31}},"73":{"start":{"line":74,"column":0},"end":{"line":74,"column":21}},"74":{"start":{"line":75,"column":0},"end":{"line":75,"column":19}},"75":{"start":{"line":76,"column":0},"end":{"line":76,"column":5}},"76":{"start":{"line":77,"column":0},"end":{"line":77,"column":3}},"77":{"start":{"line":78,"column":0},"end":{"line":78,"column":0}},"78":{"start":{"line":79,"column":0},"end":{"line":79,"column":33}},"79":{"start":{"line":80,"column":0},"end":{"line":80,"column":44}},"80":{"start":{"line":81,"column":0},"end":{"line":81,"column":121}},"81":{"start":{"line":82,"column":0},"end":{"line":82,"column":43}},"82":{"start":{"line":83,"column":0},"end":{"line":83,"column":36}},"83":{"start":{"line":84,"column":0},"end":{"line":84,"column":5}},"84":{"start":{"line":85,"column":0},"end":{"line":85,"column":0}},"85":{"start":{"line":86,"column":0},"end":{"line":86,"column":43}},"86":{"start":{"line":87,"column":0},"end":{"line":87,"column":119}},"87":{"start":{"line":88,"column":0},"end":{"line":88,"column":43}},"88":{"start":{"line":89,"column":0},"end":{"line":89,"column":32}},"89":{"start":{"line":90,"column":0},"end":{"line":90,"column":20}},"90":{"start":{"line":91,"column":0},"end":{"line":91,"column":7}},"91":{"start":{"line":92,"column":0},"end":{"line":92,"column":5}},"92":{"start":{"line":93,"column":0},"end":{"line":93,"column":0}},"93":{"start":{"line":94,"column":0},"end":{"line":94,"column":59}},"94":{"start":{"line":95,"column":0},"end":{"line":95,"column":40}},"95":{"start":{"line":96,"column":0},"end":{"line":96,"column":26}},"96":{"start":{"line":97,"column":0},"end":{"line":97,"column":74}},"97":{"start":{"line":98,"column":0},"end":{"line":98,"column":15}},"98":{"start":{"line":99,"column":0},"end":{"line":99,"column":74}},"99":{"start":{"line":100,"column":0},"end":{"line":100,"column":56}},"100":{"start":{"line":101,"column":0},"end":{"line":101,"column":69}},"101":{"start":{"line":102,"column":0},"end":{"line":102,"column":27}},"102":{"start":{"line":103,"column":0},"end":{"line":103,"column":26}},"103":{"start":{"line":104,"column":0},"end":{"line":104,"column":11}},"104":{"start":{"line":105,"column":0},"end":{"line":105,"column":10}},"105":{"start":{"line":106,"column":0},"end":{"line":106,"column":7}},"106":{"start":{"line":107,"column":0},"end":{"line":107,"column":0}},"107":{"start":{"line":108,"column":0},"end":{"line":108,"column":39}},"108":{"start":{"line":109,"column":0},"end":{"line":109,"column":26}},"109":{"start":{"line":110,"column":0},"end":{"line":110,"column":15}},"110":{"start":{"line":111,"column":0},"end":{"line":111,"column":56}},"111":{"start":{"line":112,"column":0},"end":{"line":112,"column":69}},"112":{"start":{"line":113,"column":0},"end":{"line":113,"column":27}},"113":{"start":{"line":114,"column":0},"end":{"line":114,"column":26}},"114":{"start":{"line":115,"column":0},"end":{"line":115,"column":11}},"115":{"start":{"line":116,"column":0},"end":{"line":116,"column":10}},"116":{"start":{"line":117,"column":0},"end":{"line":117,"column":7}},"117":{"start":{"line":118,"column":0},"end":{"line":118,"column":0}},"118":{"start":{"line":119,"column":0},"end":{"line":119,"column":38}},"119":{"start":{"line":120,"column":0},"end":{"line":120,"column":43}},"120":{"start":{"line":121,"column":0},"end":{"line":121,"column":28}},"121":{"start":{"line":122,"column":0},"end":{"line":122,"column":17}},"122":{"start":{"line":123,"column":0},"end":{"line":123,"column":58}},"123":{"start":{"line":124,"column":0},"end":{"line":124,"column":71}},"124":{"start":{"line":125,"column":0},"end":{"line":125,"column":29}},"125":{"start":{"line":126,"column":0},"end":{"line":126,"column":28}},"126":{"start":{"line":127,"column":0},"end":{"line":127,"column":13}},"127":{"start":{"line":128,"column":0},"end":{"line":128,"column":12}},"128":{"start":{"line":129,"column":0},"end":{"line":129,"column":10}},"129":{"start":{"line":130,"column":0},"end":{"line":130,"column":0}},"130":{"start":{"line":131,"column":0},"end":{"line":131,"column":42}},"131":{"start":{"line":132,"column":0},"end":{"line":132,"column":28}},"132":{"start":{"line":133,"column":0},"end":{"line":133,"column":17}},"133":{"start":{"line":134,"column":0},"end":{"line":134,"column":58}},"134":{"start":{"line":135,"column":0},"end":{"line":135,"column":71}},"135":{"start":{"line":136,"column":0},"end":{"line":136,"column":29}},"136":{"start":{"line":137,"column":0},"end":{"line":137,"column":28}},"137":{"start":{"line":138,"column":0},"end":{"line":138,"column":13}},"138":{"start":{"line":139,"column":0},"end":{"line":139,"column":12}},"139":{"start":{"line":140,"column":0},"end":{"line":140,"column":10}},"140":{"start":{"line":141,"column":0},"end":{"line":141,"column":7}},"141":{"start":{"line":142,"column":0},"end":{"line":142,"column":6}},"142":{"start":{"line":143,"column":0},"end":{"line":143,"column":0}},"143":{"start":{"line":144,"column":0},"end":{"line":144,"column":19}},"144":{"start":{"line":145,"column":0},"end":{"line":145,"column":3}},"145":{"start":{"line":146,"column":0},"end":{"line":146,"column":1}},"146":{"start":{"line":147,"column":0},"end":{"line":147,"column":0}},"147":{"start":{"line":148,"column":0},"end":{"line":148,"column":26}}},"s":{"0":4,"1":71,"2":1,"3":1,"4":71,"5":70,"6":70,"7":70,"8":70,"9":6,"10":6,"11":6,"12":6,"13":6,"14":6,"15":6,"16":6,"17":6,"18":6,"19":6,"20":4,"21":4,"22":4,"23":4,"24":4,"25":4,"26":3,"27":3,"28":3,"29":4,"30":4,"31":1,"32":1,"33":4,"34":6,"35":1,"36":1,"37":1,"38":6,"39":1,"40":1,"41":70,"42":64,"43":64,"44":64,"45":71,"46":4,"47":114,"48":114,"49":114,"50":114,"51":114,"52":114,"53":114,"54":114,"55":114,"56":19,"57":17,"58":17,"59":17,"60":17,"61":19,"62":114,"63":114,"64":93,"65":90,"66":90,"67":90,"68":90,"69":93,"70":114,"71":114,"72":114,"73":114,"74":4,"75":4,"76":114,"77":114,"78":114,"79":76,"80":17,"81":17,"82":17,"83":17,"84":76,"85":76,"86":26,"87":26,"88":26,"89":2,"90":2,"91":26,"92":76,"93":76,"94":76,"95":18,"96":18,"97":18,"98":18,"99":18,"100":18,"101":18,"102":1,"103":1,"104":18,"105":18,"106":76,"107":76,"108":6,"109":6,"110":6,"111":6,"112":6,"113":1,"114":1,"115":6,"116":6,"117":76,"118":76,"119":52,"120":38,"121":38,"122":38,"123":38,"124":38,"125":1,"126":1,"127":38,"128":52,"129":52,"130":52,"131":11,"132":11,"133":11,"134":11,"135":11,"136":2,"137":2,"138":11,"139":52,"140":52,"141":76,"142":76,"143":76,"144":76,"145":114,"146":4,"147":4},"branchMap":{"0":{"type":"branch","line":1,"loc":{"start":{"line":1,"column":0},"end":{"line":148,"column":26}},"locations":[{"start":{"line":1,"column":0},"end":{"line":148,"column":26}}]},"1":{"type":"branch","line":1,"loc":{"start":{"line":1,"column":0},"end":{"line":148,"column":26}},"locations":[{"start":{"line":1,"column":0},"end":{"line":148,"column":26}}]},"2":{"type":"branch","line":1,"loc":{"start":{"line":1,"column":24},"end":{"line":46,"column":1}},"locations":[{"start":{"line":1,"column":24},"end":{"line":46,"column":1}}]},"3":{"type":"branch","line":2,"loc":{"start":{"line":2,"column":32},"end":{"line":5,"column":3}},"locations":[{"start":{"line":2,"column":32},"end":{"line":5,"column":3}}]},"4":{"type":"branch","line":5,"loc":{"start":{"line":5,"column":3},"end":{"line":45,"column":3}},"locations":[{"start":{"line":5,"column":3},"end":{"line":45,"column":3}}]},"5":{"type":"branch","line":8,"loc":{"start":{"line":8,"column":37},"end":{"line":8,"column":73}},"locations":[{"start":{"line":8,"column":37},"end":{"line":8,"column":73}}]},"6":{"type":"branch","line":9,"loc":{"start":{"line":9,"column":4},"end":{"line":42,"column":3}},"locations":[{"start":{"line":9,"column":4},"end":{"line":42,"column":3}}]},"7":{"type":"branch","line":20,"loc":{"start":{"line":20,"column":38},"end":{"line":35,"column":7}},"locations":[{"start":{"line":20,"column":38},"end":{"line":35,"column":7}}]},"8":{"type":"branch","line":35,"loc":{"start":{"line":35,"column":7},"end":{"line":38,"column":7}},"locations":[{"start":{"line":35,"column":7},"end":{"line":38,"column":7}}]},"9":{"type":"branch","line":39,"loc":{"start":{"line":39,"column":6},"end":{"line":41,"column":5}},"locations":[{"start":{"line":39,"column":6},"end":{"line":41,"column":5}}]},"10":{"type":"branch","line":42,"loc":{"start":{"line":42,"column":3},"end":{"line":45,"column":3}},"locations":[{"start":{"line":42,"column":3},"end":{"line":45,"column":3}}]},"11":{"type":"branch","line":26,"loc":{"start":{"line":26,"column":10},"end":{"line":30,"column":11}},"locations":[{"start":{"line":26,"column":10},"end":{"line":30,"column":11}}]},"12":{"type":"branch","line":31,"loc":{"start":{"line":31,"column":10},"end":{"line":33,"column":11}},"locations":[{"start":{"line":31,"column":10},"end":{"line":33,"column":11}}]},"13":{"type":"branch","line":48,"loc":{"start":{"line":48,"column":0},"end":{"line":146,"column":1}},"locations":[{"start":{"line":48,"column":0},"end":{"line":146,"column":1}}]},"14":{"type":"branch","line":55,"loc":{"start":{"line":55,"column":2},"end":{"line":77,"column":3}},"locations":[{"start":{"line":55,"column":2},"end":{"line":77,"column":3}}]},"15":{"type":"branch","line":74,"loc":{"start":{"line":74,"column":6},"end":{"line":76,"column":5}},"locations":[{"start":{"line":74,"column":6},"end":{"line":76,"column":5}}]},"16":{"type":"branch","line":56,"loc":{"start":{"line":56,"column":19},"end":{"line":62,"column":5}},"locations":[{"start":{"line":56,"column":19},"end":{"line":62,"column":5}}]},"17":{"type":"branch","line":57,"loc":{"start":{"line":57,"column":37},"end":{"line":61,"column":7}},"locations":[{"start":{"line":57,"column":37},"end":{"line":61,"column":7}}]},"18":{"type":"branch","line":60,"loc":{"start":{"line":60,"column":39},"end":{"line":60,"column":63}},"locations":[{"start":{"line":60,"column":39},"end":{"line":60,"column":63}}]},"19":{"type":"branch","line":64,"loc":{"start":{"line":64,"column":20},"end":{"line":70,"column":5}},"locations":[{"start":{"line":64,"column":20},"end":{"line":70,"column":5}}]},"20":{"type":"branch","line":65,"loc":{"start":{"line":65,"column":37},"end":{"line":69,"column":7}},"locations":[{"start":{"line":65,"column":37},"end":{"line":69,"column":7}}]},"21":{"type":"branch","line":68,"loc":{"start":{"line":68,"column":40},"end":{"line":68,"column":64}},"locations":[{"start":{"line":68,"column":40},"end":{"line":68,"column":64}}]},"22":{"type":"branch","line":79,"loc":{"start":{"line":79,"column":2},"end":{"line":145,"column":3}},"locations":[{"start":{"line":79,"column":2},"end":{"line":145,"column":3}}]},"23":{"type":"branch","line":80,"loc":{"start":{"line":80,"column":43},"end":{"line":84,"column":5}},"locations":[{"start":{"line":80,"column":43},"end":{"line":84,"column":5}}]},"24":{"type":"branch","line":86,"loc":{"start":{"line":86,"column":42},"end":{"line":92,"column":5}},"locations":[{"start":{"line":86,"column":42},"end":{"line":92,"column":5}}]},"25":{"type":"branch","line":83,"loc":{"start":{"line":83,"column":20},"end":{"line":83,"column":36}},"locations":[{"start":{"line":83,"column":20},"end":{"line":83,"column":36}}]},"26":{"type":"branch","line":89,"loc":{"start":{"line":89,"column":19},"end":{"line":91,"column":7}},"locations":[{"start":{"line":89,"column":19},"end":{"line":91,"column":7}}]},"27":{"type":"branch","line":94,"loc":{"start":{"line":94,"column":35},"end":{"line":142,"column":5}},"locations":[{"start":{"line":94,"column":35},"end":{"line":142,"column":5}}]},"28":{"type":"branch","line":95,"loc":{"start":{"line":95,"column":39},"end":{"line":106,"column":7}},"locations":[{"start":{"line":95,"column":39},"end":{"line":106,"column":7}}]},"29":{"type":"branch","line":108,"loc":{"start":{"line":108,"column":38},"end":{"line":117,"column":7}},"locations":[{"start":{"line":108,"column":38},"end":{"line":117,"column":7}}]},"30":{"type":"branch","line":119,"loc":{"start":{"line":119,"column":37},"end":{"line":141,"column":7}},"locations":[{"start":{"line":119,"column":37},"end":{"line":141,"column":7}}]},"31":{"type":"branch","line":96,"loc":{"start":{"line":96,"column":19},"end":{"line":105,"column":9}},"locations":[{"start":{"line":96,"column":19},"end":{"line":105,"column":9}}]},"32":{"type":"branch","line":102,"loc":{"start":{"line":102,"column":12},"end":{"line":104,"column":11}},"locations":[{"start":{"line":102,"column":12},"end":{"line":104,"column":11}}]},"33":{"type":"branch","line":109,"loc":{"start":{"line":109,"column":19},"end":{"line":116,"column":9}},"locations":[{"start":{"line":109,"column":19},"end":{"line":116,"column":9}}]},"34":{"type":"branch","line":113,"loc":{"start":{"line":113,"column":12},"end":{"line":115,"column":11}},"locations":[{"start":{"line":113,"column":12},"end":{"line":115,"column":11}}]},"35":{"type":"branch","line":120,"loc":{"start":{"line":120,"column":36},"end":{"line":129,"column":9}},"locations":[{"start":{"line":120,"column":36},"end":{"line":129,"column":9}}]},"36":{"type":"branch","line":121,"loc":{"start":{"line":121,"column":21},"end":{"line":128,"column":11}},"locations":[{"start":{"line":121,"column":21},"end":{"line":128,"column":11}}]},"37":{"type":"branch","line":125,"loc":{"start":{"line":125,"column":14},"end":{"line":127,"column":13}},"locations":[{"start":{"line":125,"column":14},"end":{"line":127,"column":13}}]},"38":{"type":"branch","line":131,"loc":{"start":{"line":131,"column":35},"end":{"line":140,"column":9}},"locations":[{"start":{"line":131,"column":35},"end":{"line":140,"column":9}}]},"39":{"type":"branch","line":132,"loc":{"start":{"line":132,"column":21},"end":{"line":139,"column":11}},"locations":[{"start":{"line":132,"column":21},"end":{"line":139,"column":11}}]},"40":{"type":"branch","line":136,"loc":{"start":{"line":136,"column":14},"end":{"line":138,"column":13}},"locations":[{"start":{"line":136,"column":14},"end":{"line":138,"column":13}}]}},"b":{"0":[4],"1":[4],"2":[71],"3":[1],"4":[70],"5":[64],"6":[6],"7":[4],"8":[1],"9":[1],"10":[64],"11":[3],"12":[1],"13":[114],"14":[114],"15":[4],"16":[19],"17":[17],"18":[11],"19":[93],"20":[90],"21":[38],"22":[76],"23":[17],"24":[26],"25":[1],"26":[2],"27":[76],"28":[18],"29":[6],"30":[52],"31":[18],"32":[1],"33":[6],"34":[1],"35":[38],"36":[38],"37":[1],"38":[11],"39":[11],"40":[2]},"fnMap":{"0":{"name":"Object.<anonymous>","decl":{"start":{"line":1,"column":0},"end":{"line":148,"column":26}},"loc":{"start":{"line":1,"column":0},"end":{"line":148,"column":26}},"line":1},"1":{"name":"resolvePromise2","decl":{"start":{"line":1,"column":24},"end":{"line":46,"column":1}},"loc":{"start":{"line":1,"column":24},"end":{"line":46,"column":1}},"line":1},"2":{"name":"<instance_members_initializer>","decl":{"start":{"line":48,"column":0},"end":{"line":146,"column":1}},"loc":{"start":{"line":48,"column":0},"end":{"line":146,"column":1}},"line":48},"3":{"name":"MyPromise","decl":{"start":{"line":55,"column":2},"end":{"line":77,"column":3}},"loc":{"start":{"line":55,"column":2},"end":{"line":77,"column":3}},"line":55},"4":{"name":"reject","decl":{"start":{"line":56,"column":19},"end":{"line":62,"column":5}},"loc":{"start":{"line":56,"column":19},"end":{"line":62,"column":5}},"line":56},"5":{"name":"resolve","decl":{"start":{"line":64,"column":20},"end":{"line":70,"column":5}},"loc":{"start":{"line":64,"column":20},"end":{"line":70,"column":5}},"line":64},"6":{"name":"then","decl":{"start":{"line":79,"column":2},"end":{"line":145,"column":3}},"loc":{"start":{"line":79,"column":2},"end":{"line":145,"column":3}},"line":79},"7":{"name":"onFulFilled","decl":{"start":{"line":83,"column":20},"end":{"line":83,"column":36}},"loc":{"start":{"line":83,"column":20},"end":{"line":83,"column":36}},"line":83},"8":{"name":"onRejected","decl":{"start":{"line":89,"column":19},"end":{"line":91,"column":7}},"loc":{"start":{"line":89,"column":19},"end":{"line":91,"column":7}},"line":89}},"f":{"0":4,"1":71,"2":114,"3":114,"4":19,"5":93,"6":76,"7":1,"8":2}}
,"/Users/chuenwei/code/build-my-own-x/build-my-own-promise/src/methods/catch.js": {"path":"/Users/chuenwei/code/build-my-own-x/build-my-own-promise/src/methods/catch.js","all":false,"statementMap":{"0":{"start":{"line":1,"column":0},"end":{"line":1,"column":37}},"1":{"start":{"line":2,"column":0},"end":{"line":2,"column":0}},"2":{"start":{"line":3,"column":0},"end":{"line":3,"column":47}},"3":{"start":{"line":4,"column":0},"end":{"line":4,"column":39}},"4":{"start":{"line":5,"column":0},"end":{"line":5,"column":1}},"5":{"start":{"line":6,"column":0},"end":{"line":6,"column":0}},"6":{"start":{"line":7,"column":0},"end":{"line":7,"column":24}}},"s":{"0":1,"1":1,"2":1,"3":1,"4":1,"5":1,"6":1},"branchMap":{"0":{"type":"branch","line":1,"loc":{"start":{"line":1,"column":0},"end":{"line":7,"column":24}},"locations":[{"start":{"line":1,"column":0},"end":{"line":7,"column":24}}]},"1":{"type":"branch","line":1,"loc":{"start":{"line":1,"column":0},"end":{"line":7,"column":24}},"locations":[{"start":{"line":1,"column":0},"end":{"line":7,"column":24}}]},"2":{"type":"branch","line":3,"loc":{"start":{"line":3,"column":26},"end":{"line":5,"column":1}},"locations":[{"start":{"line":3,"column":26},"end":{"line":5,"column":1}}]}},"b":{"0":[1],"1":[1],"2":[1]},"fnMap":{"0":{"name":"Object.<anonymous>","decl":{"start":{"line":1,"column":0},"end":{"line":7,"column":24}},"loc":{"start":{"line":1,"column":0},"end":{"line":7,"column":24}},"line":1},"1":{"name":"Object.<anonymous>.Promise.catch","decl":{"start":{"line":3,"column":26},"end":{"line":5,"column":1}},"loc":{"start":{"line":3,"column":26},"end":{"line":5,"column":1}},"line":3}},"f":{"0":1,"1":1}}
,"/Users/chuenwei/code/build-my-own-x/build-my-own-promise/src/methods/race.js": {"path":"/Users/chuenwei/code/build-my-own-x/build-my-own-promise/src/methods/race.js","all":false,"statementMap":{"0":{"start":{"line":1,"column":0},"end":{"line":1,"column":36}},"1":{"start":{"line":2,"column":0},"end":{"line":2,"column":0}},"2":{"start":{"line":3,"column":0},"end":{"line":3,"column":17}},"3":{"start":{"line":4,"column":0},"end":{"line":4,"column":24}},"4":{"start":{"line":5,"column":0},"end":{"line":5,"column":43}},"5":{"start":{"line":6,"column":0},"end":{"line":6,"column":39}},"6":{"start":{"line":7,"column":0},"end":{"line":7,"column":0}},"7":{"start":{"line":8,"column":0},"end":{"line":8,"column":21}},"8":{"start":{"line":9,"column":0},"end":{"line":9,"column":30}},"9":{"start":{"line":10,"column":0},"end":{"line":10,"column":32}},"10":{"start":{"line":11,"column":0},"end":{"line":11,"column":28}},"11":{"start":{"line":12,"column":0},"end":{"line":12,"column":7}},"12":{"start":{"line":13,"column":0},"end":{"line":13,"column":5}},"13":{"start":{"line":14,"column":0},"end":{"line":14,"column":4}},"14":{"start":{"line":15,"column":0},"end":{"line":15,"column":1}},"15":{"start":{"line":16,"column":0},"end":{"line":16,"column":0}},"16":{"start":{"line":17,"column":0},"end":{"line":17,"column":24}}},"s":{"0":1,"1":1,"2":1,"3":1,"4":3,"5":3,"6":3,"7":3,"8":6,"9":6,"10":6,"11":6,"12":3,"13":3,"14":3,"15":1,"16":1},"branchMap":{"0":{"type":"branch","line":1,"loc":{"start":{"line":1,"column":0},"end":{"line":17,"column":24}},"locations":[{"start":{"line":1,"column":0},"end":{"line":17,"column":24}}]},"1":{"type":"branch","line":1,"loc":{"start":{"line":1,"column":0},"end":{"line":17,"column":24}},"locations":[{"start":{"line":1,"column":0},"end":{"line":17,"column":24}}]},"2":{"type":"branch","line":4,"loc":{"start":{"line":4,"column":15},"end":{"line":15,"column":1}},"locations":[{"start":{"line":4,"column":15},"end":{"line":15,"column":1}}]},"3":{"type":"branch","line":5,"loc":{"start":{"line":5,"column":21},"end":{"line":14,"column":3}},"locations":[{"start":{"line":5,"column":21},"end":{"line":14,"column":3}}]},"4":{"type":"branch","line":6,"loc":{"start":{"line":6,"column":30},"end":{"line":6,"column":39}},"locations":[{"start":{"line":6,"column":30},"end":{"line":6,"column":39}}]},"5":{"type":"branch","line":8,"loc":{"start":{"line":8,"column":15},"end":{"line":12,"column":7}},"locations":[{"start":{"line":8,"column":15},"end":{"line":12,"column":7}}]},"6":{"type":"branch","line":10,"loc":{"start":{"line":10,"column":8},"end":{"line":10,"column":31}},"locations":[{"start":{"line":10,"column":8},"end":{"line":10,"column":31}}]}},"b":{"0":[1],"1":[1],"2":[3],"3":[3],"4":[1],"5":[6],"6":[3]},"fnMap":{"0":{"name":"Object.<anonymous>","decl":{"start":{"line":1,"column":0},"end":{"line":17,"column":24}},"loc":{"start":{"line":1,"column":0},"end":{"line":17,"column":24}},"line":1},"1":{"name":"Object.<anonymous>.Promise.race","decl":{"start":{"line":4,"column":15},"end":{"line":15,"column":1}},"loc":{"start":{"line":4,"column":15},"end":{"line":15,"column":1}},"line":4}},"f":{"0":1,"1":3}}
,"/Users/chuenwei/code/build-my-own-x/build-my-own-promise/src/methods/resolve.js": {"path":"/Users/chuenwei/code/build-my-own-x/build-my-own-promise/src/methods/resolve.js","all":false,"statementMap":{"0":{"start":{"line":1,"column":0},"end":{"line":1,"column":37}},"1":{"start":{"line":2,"column":0},"end":{"line":2,"column":0}},"2":{"start":{"line":3,"column":0},"end":{"line":3,"column":23}},"3":{"start":{"line":4,"column":0},"end":{"line":4,"column":24}},"4":{"start":{"line":5,"column":0},"end":{"line":5,"column":22}},"5":{"start":{"line":6,"column":0},"end":{"line":6,"column":7}},"6":{"start":{"line":7,"column":0},"end":{"line":7,"column":32}},"7":{"start":{"line":8,"column":0},"end":{"line":8,"column":18}},"8":{"start":{"line":9,"column":0},"end":{"line":9,"column":8}},"9":{"start":{"line":10,"column":0},"end":{"line":10,"column":0}},"10":{"start":{"line":11,"column":0},"end":{"line":11,"column":24}},"11":{"start":{"line":12,"column":0},"end":{"line":12,"column":0}},"12":{"start":{"line":13,"column":0},"end":{"line":13,"column":25}},"13":{"start":{"line":14,"column":0},"end":{"line":14,"column":21}},"14":{"start":{"line":15,"column":0},"end":{"line":15,"column":25}},"15":{"start":{"line":16,"column":0},"end":{"line":16,"column":24}},"16":{"start":{"line":17,"column":0},"end":{"line":17,"column":7}},"17":{"start":{"line":18,"column":0},"end":{"line":18,"column":4}},"18":{"start":{"line":19,"column":0},"end":{"line":19,"column":0}},"19":{"start":{"line":20,"column":0},"end":{"line":20,"column":41}}},"s":{"0":2,"1":2,"2":2,"3":2,"4":8,"5":8,"6":8,"7":3,"8":3,"9":2,"10":2,"11":2,"12":2,"13":2,"14":2,"15":2,"16":2,"17":2,"18":2,"19":2},"branchMap":{"0":{"type":"branch","line":1,"loc":{"start":{"line":1,"column":0},"end":{"line":20,"column":41}},"locations":[{"start":{"line":1,"column":0},"end":{"line":20,"column":41}}]},"1":{"type":"branch","line":1,"loc":{"start":{"line":1,"column":0},"end":{"line":20,"column":41}},"locations":[{"start":{"line":1,"column":0},"end":{"line":20,"column":41}}]},"2":{"type":"branch","line":4,"loc":{"start":{"line":4,"column":18},"end":{"line":9,"column":8}},"locations":[{"start":{"line":4,"column":18},"end":{"line":9,"column":8}}]},"3":{"type":"branch","line":6,"loc":{"start":{"line":6,"column":4},"end":{"line":6,"column":7}},"locations":[{"start":{"line":6,"column":4},"end":{"line":6,"column":7}}]},"4":{"type":"branch","line":7,"loc":{"start":{"line":7,"column":4},"end":{"line":9,"column":8}},"locations":[{"start":{"line":7,"column":4},"end":{"line":9,"column":8}}]},"5":{"type":"branch","line":7,"loc":{"start":{"line":7,"column":18},"end":{"line":9,"column":7}},"locations":[{"start":{"line":7,"column":18},"end":{"line":9,"column":7}}]}},"b":{"0":[2],"1":[2],"2":[8],"3":[5],"4":[3],"5":[3]},"fnMap":{"0":{"name":"Object.<anonymous>","decl":{"start":{"line":1,"column":0},"end":{"line":20,"column":41}},"loc":{"start":{"line":1,"column":0},"end":{"line":20,"column":41}},"line":1},"1":{"name":"Object.<anonymous>.Promise.resolve","decl":{"start":{"line":4,"column":18},"end":{"line":9,"column":8}},"loc":{"start":{"line":4,"column":18},"end":{"line":9,"column":8}},"line":4}},"f":{"0":2,"1":8}}
}
