TN:
SF:src/promise.ts
FN:18,MyPromise
FN:19,reject
FN:27,resolve
FN:42,then
FN:43,onFulFilled
FN:44,onRejected
FNF:6
FNH:4
FNDA:8,MyPromise
FNDA:6,reject
FNDA:5,resolve
FNDA:7,then
FNDA:0,onFulFilled
FNDA:0,onRejected
DA:1,1
DA:2,1
DA:3,1
DA:4,1
DA:5,1
DA:6,1
DA:7,1
DA:8,1
DA:9,1
DA:10,1
DA:11,1
DA:12,1
DA:13,1
DA:14,1
DA:15,1
DA:16,1
DA:17,1
DA:18,1
DA:19,8
DA:20,6
DA:21,4
DA:22,4
DA:23,4
DA:24,4
DA:25,6
DA:26,8
DA:27,8
DA:28,5
DA:29,3
DA:30,3
DA:31,3
DA:32,3
DA:33,5
DA:34,8
DA:35,8
DA:36,8
DA:37,8
DA:38,1
DA:39,1
DA:40,8
DA:41,1
DA:42,1
DA:43,7
DA:44,7
DA:45,0
DA:46,0
DA:47,7
DA:48,7
DA:49,2
DA:50,2
DA:51,7
DA:52,7
DA:53,3
DA:54,3
DA:55,7
DA:56,7
DA:57,2
DA:58,1
DA:59,2
DA:60,2
DA:61,2
DA:62,1
DA:63,2
DA:64,2
DA:65,7
DA:66,1
DA:67,1
DA:68,1
LF:68
LH:66
BRDA:18,0,0,8
BRDA:37,1,0,1
BRDA:19,2,0,6
BRDA:20,3,0,4
BRDA:23,4,0,1
BRDA:27,5,0,5
BRDA:28,6,0,3
BRDA:31,7,0,1
BRDA:42,8,0,7
BRDA:48,9,0,2
BRDA:52,10,0,3
BRDA:56,11,0,2
BRDA:57,12,0,1
BRDA:61,13,0,1
BRF:14
BRH:14
end_of_record
