TN:
SF:src/promise.js
FN:1,Object.<anonymous>
FN:1,resolvePromise2
FN:48,<instance_members_initializer>
FN:55,MyPromise
FN:56,reject
FN:64,resolve
FN:79,then
FN:83,onFulFilled
FN:89,onRejected
FNF:9
FNH:9
FNDA:4,Object.<anonymous>
FNDA:71,resolvePromise2
FNDA:114,<instance_members_initializer>
FNDA:114,MyPromise
FNDA:19,reject
FNDA:93,resolve
FNDA:76,then
FNDA:1,onFulFilled
FNDA:2,onRejected
DA:1,4
DA:2,71
DA:3,1
DA:4,1
DA:5,71
DA:6,70
DA:7,70
DA:8,70
DA:9,70
DA:10,6
DA:11,6
DA:12,6
DA:13,6
DA:14,6
DA:15,6
DA:16,6
DA:17,6
DA:18,6
DA:19,6
DA:20,6
DA:21,4
DA:22,4
DA:23,4
DA:24,4
DA:25,4
DA:26,4
DA:27,3
DA:28,3
DA:29,3
DA:30,4
DA:31,4
DA:32,1
DA:33,1
DA:34,4
DA:35,6
DA:36,1
DA:37,1
DA:38,1
DA:39,6
DA:40,1
DA:41,1
DA:42,70
DA:43,64
DA:44,64
DA:45,64
DA:46,71
DA:47,4
DA:48,114
DA:49,114
DA:50,114
DA:51,114
DA:52,114
DA:53,114
DA:54,114
DA:55,114
DA:56,114
DA:57,19
DA:58,17
DA:59,17
DA:60,17
DA:61,17
DA:62,19
DA:63,114
DA:64,114
DA:65,93
DA:66,90
DA:67,90
DA:68,90
DA:69,90
DA:70,93
DA:71,114
DA:72,114
DA:73,114
DA:74,114
DA:75,4
DA:76,4
DA:77,114
DA:78,114
DA:79,114
DA:80,76
DA:81,17
DA:82,17
DA:83,17
DA:84,17
DA:85,76
DA:86,76
DA:87,26
DA:88,26
DA:89,26
DA:90,2
DA:91,2
DA:92,26
DA:93,76
DA:94,76
DA:95,76
DA:96,18
DA:97,18
DA:98,18
DA:99,18
DA:100,18
DA:101,18
DA:102,18
DA:103,1
DA:104,1
DA:105,18
DA:106,18
DA:107,76
DA:108,76
DA:109,6
DA:110,6
DA:111,6
DA:112,6
DA:113,6
DA:114,1
DA:115,1
DA:116,6
DA:117,6
DA:118,76
DA:119,76
DA:120,52
DA:121,38
DA:122,38
DA:123,38
DA:124,38
DA:125,38
DA:126,1
DA:127,1
DA:128,38
DA:129,52
DA:130,52
DA:131,52
DA:132,11
DA:133,11
DA:134,11
DA:135,11
DA:136,11
DA:137,2
DA:138,2
DA:139,11
DA:140,52
DA:141,52
DA:142,76
DA:143,76
DA:144,76
DA:145,76
DA:146,114
DA:147,4
DA:148,4
LF:148
LH:148
BRDA:1,0,0,4
BRDA:1,1,0,4
BRDA:1,2,0,71
BRDA:2,3,0,1
BRDA:5,4,0,70
BRDA:8,5,0,64
BRDA:9,6,0,6
BRDA:20,7,0,4
BRDA:35,8,0,1
BRDA:39,9,0,1
BRDA:42,10,0,64
BRDA:26,11,0,3
BRDA:31,12,0,1
BRDA:48,13,0,114
BRDA:55,14,0,114
BRDA:74,15,0,4
BRDA:56,16,0,19
BRDA:57,17,0,17
BRDA:60,18,0,11
BRDA:64,19,0,93
BRDA:65,20,0,90
BRDA:68,21,0,38
BRDA:79,22,0,76
BRDA:80,23,0,17
BRDA:86,24,0,26
BRDA:83,25,0,1
BRDA:89,26,0,2
BRDA:94,27,0,76
BRDA:95,28,0,18
BRDA:108,29,0,6
BRDA:119,30,0,52
BRDA:96,31,0,18
BRDA:102,32,0,1
BRDA:109,33,0,6
BRDA:113,34,0,1
BRDA:120,35,0,38
BRDA:121,36,0,38
BRDA:125,37,0,1
BRDA:131,38,0,11
BRDA:132,39,0,11
BRDA:136,40,0,2
BRF:41
BRH:41
end_of_record
TN:
SF:src/methods/catch.js
FN:1,Object.<anonymous>
FN:3,Object.<anonymous>.Promise.catch
FNF:2
FNH:2
FNDA:1,Object.<anonymous>
FNDA:1,Object.<anonymous>.Promise.catch
DA:1,1
DA:2,1
DA:3,1
DA:4,1
DA:5,1
DA:6,1
DA:7,1
LF:7
LH:7
BRDA:1,0,0,1
BRDA:1,1,0,1
BRDA:3,2,0,1
BRF:3
BRH:3
end_of_record
TN:
SF:src/methods/race.js
FN:1,Object.<anonymous>
FN:4,Object.<anonymous>.Promise.race
FNF:2
FNH:2
FNDA:1,Object.<anonymous>
FNDA:3,Object.<anonymous>.Promise.race
DA:1,1
DA:2,1
DA:3,1
DA:4,1
DA:5,3
DA:6,3
DA:7,3
DA:8,3
DA:9,6
DA:10,6
DA:11,6
DA:12,6
DA:13,3
DA:14,3
DA:15,3
DA:16,1
DA:17,1
LF:17
LH:17
BRDA:1,0,0,1
BRDA:1,1,0,1
BRDA:4,2,0,3
BRDA:5,3,0,3
BRDA:6,4,0,1
BRDA:8,5,0,6
BRDA:10,6,0,3
BRF:7
BRH:7
end_of_record
TN:
SF:src/methods/resolve.js
FN:1,Object.<anonymous>
FN:4,Object.<anonymous>.Promise.resolve
FNF:2
FNH:2
FNDA:2,Object.<anonymous>
FNDA:8,Object.<anonymous>.Promise.resolve
DA:1,2
DA:2,2
DA:3,2
DA:4,2
DA:5,8
DA:6,8
DA:7,8
DA:8,3
DA:9,3
DA:10,2
DA:11,2
DA:12,2
DA:13,2
DA:14,2
DA:15,2
DA:16,2
DA:17,2
DA:18,2
DA:19,2
DA:20,2
LF:20
LH:20
BRDA:1,0,0,2
BRDA:1,1,0,2
BRDA:4,2,0,8
BRDA:6,3,0,5
BRDA:7,4,0,3
BRDA:7,5,0,3
BRF:6
BRH:6
end_of_record
